<!DOCTYPE html>

<html>
  <head>
  <meta charset='utf-8'>
  <title>TestNG reports</title>

    <link type="text/css" href="testng-reports.css" rel="stylesheet" />
    <script type="text/javascript" src="jquery-1.7.1.min.js"></script>
    <script type="text/javascript" src="testng-reports.js"></script>
    <script type="text/javascript" src="https://www.google.com/jsapi"></script>
    <script type='text/javascript'>
      google.load('visualization', '1', {packages:['table']});
      google.setOnLoadCallback(drawTable);
      var suiteTableInitFunctions = new Array();
      var suiteTableData = new Array();
    </script>
    <!--
      <script type="text/javascript" src="jquery-ui/js/jquery-ui-1.8.16.custom.min.js"></script>
     -->
  </head>

  <body>
    <div class="top-banner-root">
      <span class="top-banner-title-font">Test results</span>
      <br/>
      <span class="top-banner-font-1">1 suite, 23 failed tests</span>
    </div> <!-- top-banner-root -->
    <div class="navigator-root">
      <div class="navigator-suite-header">
        <span>All suites</span>
        <a href="#" title="Collapse/expand all the suites" class="collapse-all-link">
          <img src="collapseall.gif" class="collapse-all-icon">
          </img> <!-- collapse-all-icon -->
        </a> <!-- collapse-all-link -->
      </div> <!-- navigator-suite-header -->
      <div class="suite">
        <div class="rounded-window">
          <div class="suite-header light-rounded-window-top">
            <a href="#" panel-name="suite-Command_line_suite" class="navigator-link">
              <span class="suite-name border-failed">Command line suite</span>
            </a> <!-- navigator-link -->
          </div> <!-- suite-header light-rounded-window-top -->
          <div class="navigator-suite-content">
            <div class="suite-section-title">
              <span>Info</span>
            </div> <!-- suite-section-title -->
            <div class="suite-section-content">
              <ul>
                <li>
                  <a href="#" panel-name="test-xml-Command_line_suite" class="navigator-link ">
                    <span>[unset file name]</span>
                  </a> <!-- navigator-link  -->
                </li>
                <li>
                  <a href="#" panel-name="testlist-Command_line_suite" class="navigator-link ">
                    <span class="test-stats">1 test</span>
                  </a> <!-- navigator-link  -->
                </li>
                <li>
                  <a href="#" panel-name="group-Command_line_suite" class="navigator-link ">
                    <span>0 groups</span>
                  </a> <!-- navigator-link  -->
                </li>
                <li>
                  <a href="#" panel-name="times-Command_line_suite" class="navigator-link ">
                    <span>Times</span>
                  </a> <!-- navigator-link  -->
                </li>
                <li>
                  <a href="#" panel-name="reporter-Command_line_suite" class="navigator-link ">
                    <span>Reporter output</span>
                  </a> <!-- navigator-link  -->
                </li>
                <li>
                  <a href="#" panel-name="ignored-methods-Command_line_suite" class="navigator-link ">
                    <span>Ignored methods</span>
                  </a> <!-- navigator-link  -->
                </li>
                <li>
                  <a href="#" panel-name="chronological-Command_line_suite" class="navigator-link ">
                    <span>Chronological view</span>
                  </a> <!-- navigator-link  -->
                </li>
              </ul>
            </div> <!-- suite-section-content -->
            <div class="result-section">
              <div class="suite-section-title">
                <span>Results</span>
              </div> <!-- suite-section-title -->
              <div class="suite-section-content">
                <ul>
                  <li>
                    <span class="method-stats">23 methods, 23 failed,   </span>
                  </li>
                  <li>
                    <span class="method-list-title failed">Failed methods</span>
                    <span class="show-or-hide-methods failed">
                      <a href="#" panel-name="suite-Command_line_suite" class="hide-methods failed suite-Command_line_suite"> (hide)</a> <!-- hide-methods failed suite-Command_line_suite -->
                      <a href="#" panel-name="suite-Command_line_suite" class="show-methods failed suite-Command_line_suite"> (show)</a> <!-- show-methods failed suite-Command_line_suite -->
                    </span>
                    <div class="method-list-content failed suite-Command_line_suite">
                      <span>
                        <img src="failed.png" width="3%"/>
                        <a href="#" panel-name="suite-Command_line_suite" title="com.progrocers.TestCase.FunctionalTestCase" class="method navigator-link" hash-for-method="createNewCustomer({FirstName=, Password=, DecideSignUp=, LastName=, ConfirmPassword=, Email=})">createNewCustomer({FirstName=, Password=, DecideSignUp=, LastName=, ConfirmPassword=, Email=})</a> <!-- method navigator-link -->
                      </span>
                      <br/>
                      <span>
                        <img src="failed.png" width="3%"/>
                        <a href="#" panel-name="suite-Command_line_suite" title="com.progrocers.TestCase.FunctionalTestCase" class="method navigator-link" hash-for-method="createNewCustomer({FirstName=, Password=, DecideSignUp=, LastName=, ConfirmPassword=, Email=})">createNewCustomer({FirstName=, Password=, DecideSignUp=, LastName=, ConfirmPassword=, Email=})</a> <!-- method navigator-link -->
                      </span>
                      <br/>
                      <span>
                        <img src="failed.png" width="3%"/>
                        <a href="#" panel-name="suite-Command_line_suite" title="com.progrocers.TestCase.FunctionalTestCase" class="method navigator-link" hash-for-method="createNewCustomer({FirstName=, Password=, DecideSignUp=, LastName=, ConfirmPassword=, Email=})">createNewCustomer({FirstName=, Password=, DecideSignUp=, LastName=, ConfirmPassword=, Email=})</a> <!-- method navigator-link -->
                      </span>
                      <br/>
                      <span>
                        <img src="failed.png" width="3%"/>
                        <a href="#" panel-name="suite-Command_line_suite" title="com.progrocers.TestCase.FunctionalTestCase" class="method navigator-link" hash-for-method="createNewCustomer({FirstName=, Password=, DecideSignUp=, LastName=, ConfirmPassword=, Email=})">createNewCustomer({FirstName=, Password=, DecideSignUp=, LastName=, ConfirmPassword=, Email=})</a> <!-- method navigator-link -->
                      </span>
                      <br/>
                      <span>
                        <img src="failed.png" width="3%"/>
                        <a href="#" panel-name="suite-Command_line_suite" title="com.progrocers.TestCase.FunctionalTestCase" class="method navigator-link" hash-for-method="createNewCustomer({FirstName=, Password=, DecideSignUp=, LastName=, ConfirmPassword=, Email=})">createNewCustomer({FirstName=, Password=, DecideSignUp=, LastName=, ConfirmPassword=, Email=})</a> <!-- method navigator-link -->
                      </span>
                      <br/>
                      <span>
                        <img src="failed.png" width="3%"/>
                        <a href="#" panel-name="suite-Command_line_suite" title="com.progrocers.TestCase.FunctionalTestCase" class="method navigator-link" hash-for-method="createNewCustomer({FirstName=, Password=, DecideSignUp=, LastName=, ConfirmPassword=, Email=})">createNewCustomer({FirstName=, Password=, DecideSignUp=, LastName=, ConfirmPassword=, Email=})</a> <!-- method navigator-link -->
                      </span>
                      <br/>
                      <span>
                        <img src="failed.png" width="3%"/>
                        <a href="#" panel-name="suite-Command_line_suite" title="com.progrocers.TestCase.FunctionalTestCase" class="method navigator-link" hash-for-method="createNewCustomer({FirstName=, Password=, DecideSignUp=, LastName=, ConfirmPassword=, Email=})">createNewCustomer({FirstName=, Password=, DecideSignUp=, LastName=, ConfirmPassword=, Email=})</a> <!-- method navigator-link -->
                      </span>
                      <br/>
                      <span>
                        <img src="failed.png" width="3%"/>
                        <a href="#" panel-name="suite-Command_line_suite" title="com.progrocers.TestCase.FunctionalTestCase" class="method navigator-link" hash-for-method="createNewCustomer({FirstName=, Password=, DecideSignUp=, LastName=, ConfirmPassword=, Email=})">createNewCustomer({FirstName=, Password=, DecideSignUp=, LastName=, ConfirmPassword=, Email=})</a> <!-- method navigator-link -->
                      </span>
                      <br/>
                      <span>
                        <img src="failed.png" width="3%"/>
                        <a href="#" panel-name="suite-Command_line_suite" title="com.progrocers.TestCase.FunctionalTestCase" class="method navigator-link" hash-for-method="createNewCustomer({FirstName=, Password=, DecideSignUp=, LastName=, ConfirmPassword=, Email=})">createNewCustomer({FirstName=, Password=, DecideSignUp=, LastName=, ConfirmPassword=, Email=})</a> <!-- method navigator-link -->
                      </span>
                      <br/>
                      <span>
                        <img src="failed.png" width="3%"/>
                        <a href="#" panel-name="suite-Command_line_suite" title="com.progrocers.TestCase.FunctionalTestCase" class="method navigator-link" hash-for-method="createNewCustomer({FirstName=, Password=, DecideSignUp=, LastName=, ConfirmPassword=, Email=})">createNewCustomer({FirstName=, Password=, DecideSignUp=, LastName=, ConfirmPassword=, Email=})</a> <!-- method navigator-link -->
                      </span>
                      <br/>
                      <span>
                        <img src="failed.png" width="3%"/>
                        <a href="#" panel-name="suite-Command_line_suite" title="com.progrocers.TestCase.FunctionalTestCase" class="method navigator-link" hash-for-method="createNewCustomer({FirstName=Naveen, Password=abc12345, DecideSignUp=Y, LastName=Kumar, ConfirmPassword=abc12345, Emai...)">createNewCustomer({FirstName=Naveen, Password=abc12345, DecideSignUp=Y, LastName=Kumar, ConfirmPassword=abc12345, Emai...)</a> <!-- method navigator-link -->
                      </span>
                      <br/>
                      <span>
                        <img src="failed.png" width="3%"/>
                        <a href="#" panel-name="suite-Command_line_suite" title="com.progrocers.TestCase.FunctionalTestCase" class="method navigator-link" hash-for-method="createNewCustomer({FirstName=, Password=, DecideSignUp=, LastName=, ConfirmPassword=, Email=})">createNewCustomer({FirstName=, Password=, DecideSignUp=, LastName=, ConfirmPassword=, Email=})</a> <!-- method navigator-link -->
                      </span>
                      <br/>
                      <span>
                        <img src="failed.png" width="3%"/>
                        <a href="#" panel-name="suite-Command_line_suite" title="com.progrocers.TestCase.FunctionalTestCase" class="method navigator-link" hash-for-method="createNewCustomer({FirstName=, Password=, DecideSignUp=, LastName=, ConfirmPassword=, Email=})">createNewCustomer({FirstName=, Password=, DecideSignUp=, LastName=, ConfirmPassword=, Email=})</a> <!-- method navigator-link -->
                      </span>
                      <br/>
                      <span>
                        <img src="failed.png" width="3%"/>
                        <a href="#" panel-name="suite-Command_line_suite" title="com.progrocers.TestCase.FunctionalTestCase" class="method navigator-link" hash-for-method="createNewCustomer({FirstName=, Password=, DecideSignUp=, LastName=, ConfirmPassword=, Email=})">createNewCustomer({FirstName=, Password=, DecideSignUp=, LastName=, ConfirmPassword=, Email=})</a> <!-- method navigator-link -->
                      </span>
                      <br/>
                      <span>
                        <img src="failed.png" width="3%"/>
                        <a href="#" panel-name="suite-Command_line_suite" title="com.progrocers.TestCase.FunctionalTestCase" class="method navigator-link" hash-for-method="createNewCustomer({FirstName=, Password=, DecideSignUp=, LastName=, ConfirmPassword=, Email=})">createNewCustomer({FirstName=, Password=, DecideSignUp=, LastName=, ConfirmPassword=, Email=})</a> <!-- method navigator-link -->
                      </span>
                      <br/>
                      <span>
                        <img src="failed.png" width="3%"/>
                        <a href="#" panel-name="suite-Command_line_suite" title="com.progrocers.TestCase.FunctionalTestCase" class="method navigator-link" hash-for-method="createNewCustomer({FirstName=, Password=, DecideSignUp=, LastName=, ConfirmPassword=, Email=})">createNewCustomer({FirstName=, Password=, DecideSignUp=, LastName=, ConfirmPassword=, Email=})</a> <!-- method navigator-link -->
                      </span>
                      <br/>
                      <span>
                        <img src="failed.png" width="3%"/>
                        <a href="#" panel-name="suite-Command_line_suite" title="com.progrocers.TestCase.FunctionalTestCase" class="method navigator-link" hash-for-method="createNewCustomer({FirstName=, Password=, DecideSignUp=, LastName=, ConfirmPassword=, Email=})">createNewCustomer({FirstName=, Password=, DecideSignUp=, LastName=, ConfirmPassword=, Email=})</a> <!-- method navigator-link -->
                      </span>
                      <br/>
                      <span>
                        <img src="failed.png" width="3%"/>
                        <a href="#" panel-name="suite-Command_line_suite" title="com.progrocers.TestCase.FunctionalTestCase" class="method navigator-link" hash-for-method="createNewCustomer({FirstName=, Password=, DecideSignUp=, LastName=, ConfirmPassword=, Email=})">createNewCustomer({FirstName=, Password=, DecideSignUp=, LastName=, ConfirmPassword=, Email=})</a> <!-- method navigator-link -->
                      </span>
                      <br/>
                      <span>
                        <img src="failed.png" width="3%"/>
                        <a href="#" panel-name="suite-Command_line_suite" title="com.progrocers.TestCase.FunctionalTestCase" class="method navigator-link" hash-for-method="createNewCustomer({FirstName=, Password=, DecideSignUp=, LastName=, ConfirmPassword=, Email=})">createNewCustomer({FirstName=, Password=, DecideSignUp=, LastName=, ConfirmPassword=, Email=})</a> <!-- method navigator-link -->
                      </span>
                      <br/>
                      <span>
                        <img src="failed.png" width="3%"/>
                        <a href="#" panel-name="suite-Command_line_suite" title="com.progrocers.TestCase.FunctionalTestCase" class="method navigator-link" hash-for-method="createNewCustomer({FirstName=, Password=, DecideSignUp=, LastName=, ConfirmPassword=, Email=})">createNewCustomer({FirstName=, Password=, DecideSignUp=, LastName=, ConfirmPassword=, Email=})</a> <!-- method navigator-link -->
                      </span>
                      <br/>
                      <span>
                        <img src="failed.png" width="3%"/>
                        <a href="#" panel-name="suite-Command_line_suite" title="com.progrocers.TestCase.FunctionalTestCase" class="method navigator-link" hash-for-method="createNewCustomer({FirstName=, Password=, DecideSignUp=, LastName=, ConfirmPassword=, Email=})">createNewCustomer({FirstName=, Password=, DecideSignUp=, LastName=, ConfirmPassword=, Email=})</a> <!-- method navigator-link -->
                      </span>
                      <br/>
                      <span>
                        <img src="failed.png" width="3%"/>
                        <a href="#" panel-name="suite-Command_line_suite" title="com.progrocers.TestCase.FunctionalTestCase" class="method navigator-link" hash-for-method="createNewCustomer({FirstName=, Password=, DecideSignUp=, LastName=, ConfirmPassword=, Email=})">createNewCustomer({FirstName=, Password=, DecideSignUp=, LastName=, ConfirmPassword=, Email=})</a> <!-- method navigator-link -->
                      </span>
                      <br/>
                      <span>
                        <img src="failed.png" width="3%"/>
                        <a href="#" panel-name="suite-Command_line_suite" title="com.progrocers.TestCase.FunctionalTestCase" class="method navigator-link" hash-for-method="createNewCustomer({FirstName=, Password=, DecideSignUp=, LastName=, ConfirmPassword=, Email=})">createNewCustomer({FirstName=, Password=, DecideSignUp=, LastName=, ConfirmPassword=, Email=})</a> <!-- method navigator-link -->
                      </span>
                      <br/>
                    </div> <!-- method-list-content failed suite-Command_line_suite -->
                  </li>
                </ul>
              </div> <!-- suite-section-content -->
            </div> <!-- result-section -->
          </div> <!-- navigator-suite-content -->
        </div> <!-- rounded-window -->
      </div> <!-- suite -->
    </div> <!-- navigator-root -->
    <div class="wrapper">
      <div class="main-panel-root">
        <div panel-name="suite-Command_line_suite" class="panel Command_line_suite">
          <div class="suite-Command_line_suite-class-failed">
            <div class="main-panel-header rounded-window-top">
              <img src="failed.png"/>
              <span class="class-name">com.progrocers.TestCase.FunctionalTestCase</span>
            </div> <!-- main-panel-header rounded-window-top -->
            <div class="main-panel-content rounded-window-bottom">
              <div class="method">
                <div class="method-content">
                  <a name="createNewCustomer({FirstName=, Password=, DecideSignUp=, LastName=, ConfirmPassword=, Email=})">
                  </a> <!-- createNewCustomer({FirstName=, Password=, DecideSignUp=, LastName=, ConfirmPassword=, Email=}) -->
                  <span class="method-name">createNewCustomer</span>
                  <span class="parameters">({FirstName=, Password=, DecideSignUp=, LastName=, ConfirmPassword=, Email=})</span>
                  <div class="stack-trace">org.openqa.selenium.WebDriverException: unknown error: call function result missing &apos;value&apos;
  (Session info: chrome=65.0.3325.146)
  (Driver info: chromedriver=2.33.506120 (e3e53437346286c0bc2d2dc9aa4915ba81d9023f),platform=Windows NT 6.1.7601 SP1 x86_64) (WARNING: The server did not provide any stacktrace information)
Command duration or timeout: 60 milliseconds
Build info: version: &apos;2.53.1&apos;, revision: &apos;a36b8b1cd5757287168e54b817830adce9b0158d&apos;, time: &apos;2016-06-30 19:26:09&apos;
System info: host: &apos;WKS56A&apos;, ip: &apos;192.168.1.56&apos;, os.name: &apos;Windows 7&apos;, os.arch: &apos;amd64&apos;, os.version: &apos;6.1&apos;, java.version: &apos;9.0.4&apos;
Driver info: org.openqa.selenium.chrome.ChromeDriver
Capabilities [{applicationCacheEnabled=false, rotatable=false, mobileEmulationEnabled=false, networkConnectionEnabled=false, chrome={chromedriverVersion=2.33.506120 (e3e53437346286c0bc2d2dc9aa4915ba81d9023f), userDataDir=C:\Users\NAVEEN~1.HTS\AppData\Local\Temp\scoped_dir3120_5139}, takesHeapSnapshot=true, pageLoadStrategy=normal, databaseEnabled=false, handlesAlerts=true, hasTouchScreen=false, version=65.0.3325.146, platform=XP, browserConnectionEnabled=false, nativeEvents=true, acceptSslCerts=true, locationContextEnabled=true, webStorageEnabled=true, browserName=chrome, takesScreenshot=true, javascriptEnabled=true, cssSelectorsEnabled=true, setWindowRect=true, unexpectedAlertBehaviour=}]
Session ID: 7566a053e68a01ee951a3726aff37eac
	at org.openqa.selenium.remote.ErrorHandler.createThrowable(ErrorHandler.java:206)
	at org.openqa.selenium.remote.ErrorHandler.throwIfResponseFailed(ErrorHandler.java:158)
	at org.openqa.selenium.remote.RemoteWebDriver.execute(RemoteWebDriver.java:678)
	at org.openqa.selenium.remote.RemoteWebElement.execute(RemoteWebElement.java:327)
	at org.openqa.selenium.remote.RemoteWebElement.sendKeys(RemoteWebElement.java:122)
	at com.progrocers.TestCase.FunctionalTestCase.createNewCustomer(FunctionalTestCase.java:26)
... Removed 39 stack frames
</div> <!-- stack-trace -->
                </div> <!-- method-content -->
              </div> <!-- method -->
              <div class="method">
                <div class="method-content">
                  <a name="createNewCustomer({FirstName=, Password=, DecideSignUp=, LastName=, ConfirmPassword=, Email=})">
                  </a> <!-- createNewCustomer({FirstName=, Password=, DecideSignUp=, LastName=, ConfirmPassword=, Email=}) -->
                  <span class="method-name">createNewCustomer</span>
                  <span class="parameters">({FirstName=, Password=, DecideSignUp=, LastName=, ConfirmPassword=, Email=})</span>
                  <div class="stack-trace">org.openqa.selenium.WebDriverException: unknown error: call function result missing &apos;value&apos;
  (Session info: chrome=65.0.3325.146)
  (Driver info: chromedriver=2.33.506120 (e3e53437346286c0bc2d2dc9aa4915ba81d9023f),platform=Windows NT 6.1.7601 SP1 x86_64) (WARNING: The server did not provide any stacktrace information)
Command duration or timeout: 44 milliseconds
Build info: version: &apos;2.53.1&apos;, revision: &apos;a36b8b1cd5757287168e54b817830adce9b0158d&apos;, time: &apos;2016-06-30 19:26:09&apos;
System info: host: &apos;WKS56A&apos;, ip: &apos;192.168.1.56&apos;, os.name: &apos;Windows 7&apos;, os.arch: &apos;amd64&apos;, os.version: &apos;6.1&apos;, java.version: &apos;9.0.4&apos;
Driver info: org.openqa.selenium.chrome.ChromeDriver
Capabilities [{applicationCacheEnabled=false, rotatable=false, mobileEmulationEnabled=false, networkConnectionEnabled=false, chrome={chromedriverVersion=2.33.506120 (e3e53437346286c0bc2d2dc9aa4915ba81d9023f), userDataDir=C:\Users\NAVEEN~1.HTS\AppData\Local\Temp\scoped_dir3120_5139}, takesHeapSnapshot=true, pageLoadStrategy=normal, databaseEnabled=false, handlesAlerts=true, hasTouchScreen=false, version=65.0.3325.146, platform=XP, browserConnectionEnabled=false, nativeEvents=true, acceptSslCerts=true, locationContextEnabled=true, webStorageEnabled=true, browserName=chrome, takesScreenshot=true, javascriptEnabled=true, cssSelectorsEnabled=true, setWindowRect=true, unexpectedAlertBehaviour=}]
Session ID: 7566a053e68a01ee951a3726aff37eac
	at org.openqa.selenium.remote.ErrorHandler.createThrowable(ErrorHandler.java:206)
	at org.openqa.selenium.remote.ErrorHandler.throwIfResponseFailed(ErrorHandler.java:158)
	at org.openqa.selenium.remote.RemoteWebDriver.execute(RemoteWebDriver.java:678)
	at org.openqa.selenium.remote.RemoteWebElement.execute(RemoteWebElement.java:327)
	at org.openqa.selenium.remote.RemoteWebElement.sendKeys(RemoteWebElement.java:122)
	at com.progrocers.TestCase.FunctionalTestCase.createNewCustomer(FunctionalTestCase.java:26)
... Removed 39 stack frames
</div> <!-- stack-trace -->
                </div> <!-- method-content -->
              </div> <!-- method -->
              <div class="method">
                <div class="method-content">
                  <a name="createNewCustomer({FirstName=, Password=, DecideSignUp=, LastName=, ConfirmPassword=, Email=})">
                  </a> <!-- createNewCustomer({FirstName=, Password=, DecideSignUp=, LastName=, ConfirmPassword=, Email=}) -->
                  <span class="method-name">createNewCustomer</span>
                  <span class="parameters">({FirstName=, Password=, DecideSignUp=, LastName=, ConfirmPassword=, Email=})</span>
                  <div class="stack-trace">org.openqa.selenium.WebDriverException: unknown error: call function result missing &apos;value&apos;
  (Session info: chrome=65.0.3325.146)
  (Driver info: chromedriver=2.33.506120 (e3e53437346286c0bc2d2dc9aa4915ba81d9023f),platform=Windows NT 6.1.7601 SP1 x86_64) (WARNING: The server did not provide any stacktrace information)
Command duration or timeout: 91 milliseconds
Build info: version: &apos;2.53.1&apos;, revision: &apos;a36b8b1cd5757287168e54b817830adce9b0158d&apos;, time: &apos;2016-06-30 19:26:09&apos;
System info: host: &apos;WKS56A&apos;, ip: &apos;192.168.1.56&apos;, os.name: &apos;Windows 7&apos;, os.arch: &apos;amd64&apos;, os.version: &apos;6.1&apos;, java.version: &apos;9.0.4&apos;
Driver info: org.openqa.selenium.chrome.ChromeDriver
Capabilities [{applicationCacheEnabled=false, rotatable=false, mobileEmulationEnabled=false, networkConnectionEnabled=false, chrome={chromedriverVersion=2.33.506120 (e3e53437346286c0bc2d2dc9aa4915ba81d9023f), userDataDir=C:\Users\NAVEEN~1.HTS\AppData\Local\Temp\scoped_dir3120_5139}, takesHeapSnapshot=true, pageLoadStrategy=normal, databaseEnabled=false, handlesAlerts=true, hasTouchScreen=false, version=65.0.3325.146, platform=XP, browserConnectionEnabled=false, nativeEvents=true, acceptSslCerts=true, locationContextEnabled=true, webStorageEnabled=true, browserName=chrome, takesScreenshot=true, javascriptEnabled=true, cssSelectorsEnabled=true, setWindowRect=true, unexpectedAlertBehaviour=}]
Session ID: 7566a053e68a01ee951a3726aff37eac
	at org.openqa.selenium.remote.ErrorHandler.createThrowable(ErrorHandler.java:206)
	at org.openqa.selenium.remote.ErrorHandler.throwIfResponseFailed(ErrorHandler.java:158)
	at org.openqa.selenium.remote.RemoteWebDriver.execute(RemoteWebDriver.java:678)
	at org.openqa.selenium.remote.RemoteWebElement.execute(RemoteWebElement.java:327)
	at org.openqa.selenium.remote.RemoteWebElement.sendKeys(RemoteWebElement.java:122)
	at com.progrocers.TestCase.FunctionalTestCase.createNewCustomer(FunctionalTestCase.java:26)
... Removed 39 stack frames
</div> <!-- stack-trace -->
                </div> <!-- method-content -->
              </div> <!-- method -->
              <div class="method">
                <div class="method-content">
                  <a name="createNewCustomer({FirstName=, Password=, DecideSignUp=, LastName=, ConfirmPassword=, Email=})">
                  </a> <!-- createNewCustomer({FirstName=, Password=, DecideSignUp=, LastName=, ConfirmPassword=, Email=}) -->
                  <span class="method-name">createNewCustomer</span>
                  <span class="parameters">({FirstName=, Password=, DecideSignUp=, LastName=, ConfirmPassword=, Email=})</span>
                  <div class="stack-trace">org.openqa.selenium.WebDriverException: unknown error: call function result missing &apos;value&apos;
  (Session info: chrome=65.0.3325.146)
  (Driver info: chromedriver=2.33.506120 (e3e53437346286c0bc2d2dc9aa4915ba81d9023f),platform=Windows NT 6.1.7601 SP1 x86_64) (WARNING: The server did not provide any stacktrace information)
Command duration or timeout: 34 milliseconds
Build info: version: &apos;2.53.1&apos;, revision: &apos;a36b8b1cd5757287168e54b817830adce9b0158d&apos;, time: &apos;2016-06-30 19:26:09&apos;
System info: host: &apos;WKS56A&apos;, ip: &apos;192.168.1.56&apos;, os.name: &apos;Windows 7&apos;, os.arch: &apos;amd64&apos;, os.version: &apos;6.1&apos;, java.version: &apos;9.0.4&apos;
Driver info: org.openqa.selenium.chrome.ChromeDriver
Capabilities [{applicationCacheEnabled=false, rotatable=false, mobileEmulationEnabled=false, networkConnectionEnabled=false, chrome={chromedriverVersion=2.33.506120 (e3e53437346286c0bc2d2dc9aa4915ba81d9023f), userDataDir=C:\Users\NAVEEN~1.HTS\AppData\Local\Temp\scoped_dir3120_5139}, takesHeapSnapshot=true, pageLoadStrategy=normal, databaseEnabled=false, handlesAlerts=true, hasTouchScreen=false, version=65.0.3325.146, platform=XP, browserConnectionEnabled=false, nativeEvents=true, acceptSslCerts=true, locationContextEnabled=true, webStorageEnabled=true, browserName=chrome, takesScreenshot=true, javascriptEnabled=true, cssSelectorsEnabled=true, setWindowRect=true, unexpectedAlertBehaviour=}]
Session ID: 7566a053e68a01ee951a3726aff37eac
	at org.openqa.selenium.remote.ErrorHandler.createThrowable(ErrorHandler.java:206)
	at org.openqa.selenium.remote.ErrorHandler.throwIfResponseFailed(ErrorHandler.java:158)
	at org.openqa.selenium.remote.RemoteWebDriver.execute(RemoteWebDriver.java:678)
	at org.openqa.selenium.remote.RemoteWebElement.execute(RemoteWebElement.java:327)
	at org.openqa.selenium.remote.RemoteWebElement.sendKeys(RemoteWebElement.java:122)
	at com.progrocers.TestCase.FunctionalTestCase.createNewCustomer(FunctionalTestCase.java:26)
... Removed 37 stack frames
</div> <!-- stack-trace -->
                </div> <!-- method-content -->
              </div> <!-- method -->
              <div class="method">
                <div class="method-content">
                  <a name="createNewCustomer({FirstName=, Password=, DecideSignUp=, LastName=, ConfirmPassword=, Email=})">
                  </a> <!-- createNewCustomer({FirstName=, Password=, DecideSignUp=, LastName=, ConfirmPassword=, Email=}) -->
                  <span class="method-name">createNewCustomer</span>
                  <span class="parameters">({FirstName=, Password=, DecideSignUp=, LastName=, ConfirmPassword=, Email=})</span>
                  <div class="stack-trace">org.openqa.selenium.WebDriverException: unknown error: call function result missing &apos;value&apos;
  (Session info: chrome=65.0.3325.146)
  (Driver info: chromedriver=2.33.506120 (e3e53437346286c0bc2d2dc9aa4915ba81d9023f),platform=Windows NT 6.1.7601 SP1 x86_64) (WARNING: The server did not provide any stacktrace information)
Command duration or timeout: 42 milliseconds
Build info: version: &apos;2.53.1&apos;, revision: &apos;a36b8b1cd5757287168e54b817830adce9b0158d&apos;, time: &apos;2016-06-30 19:26:09&apos;
System info: host: &apos;WKS56A&apos;, ip: &apos;192.168.1.56&apos;, os.name: &apos;Windows 7&apos;, os.arch: &apos;amd64&apos;, os.version: &apos;6.1&apos;, java.version: &apos;9.0.4&apos;
Driver info: org.openqa.selenium.chrome.ChromeDriver
Capabilities [{applicationCacheEnabled=false, rotatable=false, mobileEmulationEnabled=false, networkConnectionEnabled=false, chrome={chromedriverVersion=2.33.506120 (e3e53437346286c0bc2d2dc9aa4915ba81d9023f), userDataDir=C:\Users\NAVEEN~1.HTS\AppData\Local\Temp\scoped_dir3120_5139}, takesHeapSnapshot=true, pageLoadStrategy=normal, databaseEnabled=false, handlesAlerts=true, hasTouchScreen=false, version=65.0.3325.146, platform=XP, browserConnectionEnabled=false, nativeEvents=true, acceptSslCerts=true, locationContextEnabled=true, webStorageEnabled=true, browserName=chrome, takesScreenshot=true, javascriptEnabled=true, cssSelectorsEnabled=true, setWindowRect=true, unexpectedAlertBehaviour=}]
Session ID: 7566a053e68a01ee951a3726aff37eac
	at org.openqa.selenium.remote.ErrorHandler.createThrowable(ErrorHandler.java:206)
	at org.openqa.selenium.remote.ErrorHandler.throwIfResponseFailed(ErrorHandler.java:158)
	at org.openqa.selenium.remote.RemoteWebDriver.execute(RemoteWebDriver.java:678)
	at org.openqa.selenium.remote.RemoteWebElement.execute(RemoteWebElement.java:327)
	at org.openqa.selenium.remote.RemoteWebElement.sendKeys(RemoteWebElement.java:122)
	at com.progrocers.TestCase.FunctionalTestCase.createNewCustomer(FunctionalTestCase.java:26)
... Removed 39 stack frames
</div> <!-- stack-trace -->
                </div> <!-- method-content -->
              </div> <!-- method -->
              <div class="method">
                <div class="method-content">
                  <a name="createNewCustomer({FirstName=, Password=, DecideSignUp=, LastName=, ConfirmPassword=, Email=})">
                  </a> <!-- createNewCustomer({FirstName=, Password=, DecideSignUp=, LastName=, ConfirmPassword=, Email=}) -->
                  <span class="method-name">createNewCustomer</span>
                  <span class="parameters">({FirstName=, Password=, DecideSignUp=, LastName=, ConfirmPassword=, Email=})</span>
                  <div class="stack-trace">org.openqa.selenium.WebDriverException: unknown error: call function result missing &apos;value&apos;
  (Session info: chrome=65.0.3325.146)
  (Driver info: chromedriver=2.33.506120 (e3e53437346286c0bc2d2dc9aa4915ba81d9023f),platform=Windows NT 6.1.7601 SP1 x86_64) (WARNING: The server did not provide any stacktrace information)
Command duration or timeout: 58 milliseconds
Build info: version: &apos;2.53.1&apos;, revision: &apos;a36b8b1cd5757287168e54b817830adce9b0158d&apos;, time: &apos;2016-06-30 19:26:09&apos;
System info: host: &apos;WKS56A&apos;, ip: &apos;192.168.1.56&apos;, os.name: &apos;Windows 7&apos;, os.arch: &apos;amd64&apos;, os.version: &apos;6.1&apos;, java.version: &apos;9.0.4&apos;
Driver info: org.openqa.selenium.chrome.ChromeDriver
Capabilities [{applicationCacheEnabled=false, rotatable=false, mobileEmulationEnabled=false, networkConnectionEnabled=false, chrome={chromedriverVersion=2.33.506120 (e3e53437346286c0bc2d2dc9aa4915ba81d9023f), userDataDir=C:\Users\NAVEEN~1.HTS\AppData\Local\Temp\scoped_dir3120_5139}, takesHeapSnapshot=true, pageLoadStrategy=normal, databaseEnabled=false, handlesAlerts=true, hasTouchScreen=false, version=65.0.3325.146, platform=XP, browserConnectionEnabled=false, nativeEvents=true, acceptSslCerts=true, locationContextEnabled=true, webStorageEnabled=true, browserName=chrome, takesScreenshot=true, javascriptEnabled=true, cssSelectorsEnabled=true, setWindowRect=true, unexpectedAlertBehaviour=}]
Session ID: 7566a053e68a01ee951a3726aff37eac
	at org.openqa.selenium.remote.ErrorHandler.createThrowable(ErrorHandler.java:206)
	at org.openqa.selenium.remote.ErrorHandler.throwIfResponseFailed(ErrorHandler.java:158)
	at org.openqa.selenium.remote.RemoteWebDriver.execute(RemoteWebDriver.java:678)
	at org.openqa.selenium.remote.RemoteWebElement.execute(RemoteWebElement.java:327)
	at org.openqa.selenium.remote.RemoteWebElement.sendKeys(RemoteWebElement.java:122)
	at com.progrocers.TestCase.FunctionalTestCase.createNewCustomer(FunctionalTestCase.java:26)
... Removed 37 stack frames
</div> <!-- stack-trace -->
                </div> <!-- method-content -->
              </div> <!-- method -->
              <div class="method">
                <div class="method-content">
                  <a name="createNewCustomer({FirstName=, Password=, DecideSignUp=, LastName=, ConfirmPassword=, Email=})">
                  </a> <!-- createNewCustomer({FirstName=, Password=, DecideSignUp=, LastName=, ConfirmPassword=, Email=}) -->
                  <span class="method-name">createNewCustomer</span>
                  <span class="parameters">({FirstName=, Password=, DecideSignUp=, LastName=, ConfirmPassword=, Email=})</span>
                  <div class="stack-trace">org.openqa.selenium.WebDriverException: unknown error: call function result missing &apos;value&apos;
  (Session info: chrome=65.0.3325.146)
  (Driver info: chromedriver=2.33.506120 (e3e53437346286c0bc2d2dc9aa4915ba81d9023f),platform=Windows NT 6.1.7601 SP1 x86_64) (WARNING: The server did not provide any stacktrace information)
Command duration or timeout: 44 milliseconds
Build info: version: &apos;2.53.1&apos;, revision: &apos;a36b8b1cd5757287168e54b817830adce9b0158d&apos;, time: &apos;2016-06-30 19:26:09&apos;
System info: host: &apos;WKS56A&apos;, ip: &apos;192.168.1.56&apos;, os.name: &apos;Windows 7&apos;, os.arch: &apos;amd64&apos;, os.version: &apos;6.1&apos;, java.version: &apos;9.0.4&apos;
Driver info: org.openqa.selenium.chrome.ChromeDriver
Capabilities [{applicationCacheEnabled=false, rotatable=false, mobileEmulationEnabled=false, networkConnectionEnabled=false, chrome={chromedriverVersion=2.33.506120 (e3e53437346286c0bc2d2dc9aa4915ba81d9023f), userDataDir=C:\Users\NAVEEN~1.HTS\AppData\Local\Temp\scoped_dir3120_5139}, takesHeapSnapshot=true, pageLoadStrategy=normal, databaseEnabled=false, handlesAlerts=true, hasTouchScreen=false, version=65.0.3325.146, platform=XP, browserConnectionEnabled=false, nativeEvents=true, acceptSslCerts=true, locationContextEnabled=true, webStorageEnabled=true, browserName=chrome, takesScreenshot=true, javascriptEnabled=true, cssSelectorsEnabled=true, setWindowRect=true, unexpectedAlertBehaviour=}]
Session ID: 7566a053e68a01ee951a3726aff37eac
	at org.openqa.selenium.remote.ErrorHandler.createThrowable(ErrorHandler.java:206)
	at org.openqa.selenium.remote.ErrorHandler.throwIfResponseFailed(ErrorHandler.java:158)
	at org.openqa.selenium.remote.RemoteWebDriver.execute(RemoteWebDriver.java:678)
	at org.openqa.selenium.remote.RemoteWebElement.execute(RemoteWebElement.java:327)
	at org.openqa.selenium.remote.RemoteWebElement.sendKeys(RemoteWebElement.java:122)
	at com.progrocers.TestCase.FunctionalTestCase.createNewCustomer(FunctionalTestCase.java:26)
... Removed 39 stack frames
</div> <!-- stack-trace -->
                </div> <!-- method-content -->
              </div> <!-- method -->
              <div class="method">
                <div class="method-content">
                  <a name="createNewCustomer({FirstName=, Password=, DecideSignUp=, LastName=, ConfirmPassword=, Email=})">
                  </a> <!-- createNewCustomer({FirstName=, Password=, DecideSignUp=, LastName=, ConfirmPassword=, Email=}) -->
                  <span class="method-name">createNewCustomer</span>
                  <span class="parameters">({FirstName=, Password=, DecideSignUp=, LastName=, ConfirmPassword=, Email=})</span>
                  <div class="stack-trace">org.openqa.selenium.WebDriverException: unknown error: call function result missing &apos;value&apos;
  (Session info: chrome=65.0.3325.146)
  (Driver info: chromedriver=2.33.506120 (e3e53437346286c0bc2d2dc9aa4915ba81d9023f),platform=Windows NT 6.1.7601 SP1 x86_64) (WARNING: The server did not provide any stacktrace information)
Command duration or timeout: 37 milliseconds
Build info: version: &apos;2.53.1&apos;, revision: &apos;a36b8b1cd5757287168e54b817830adce9b0158d&apos;, time: &apos;2016-06-30 19:26:09&apos;
System info: host: &apos;WKS56A&apos;, ip: &apos;192.168.1.56&apos;, os.name: &apos;Windows 7&apos;, os.arch: &apos;amd64&apos;, os.version: &apos;6.1&apos;, java.version: &apos;9.0.4&apos;
Driver info: org.openqa.selenium.chrome.ChromeDriver
Capabilities [{applicationCacheEnabled=false, rotatable=false, mobileEmulationEnabled=false, networkConnectionEnabled=false, chrome={chromedriverVersion=2.33.506120 (e3e53437346286c0bc2d2dc9aa4915ba81d9023f), userDataDir=C:\Users\NAVEEN~1.HTS\AppData\Local\Temp\scoped_dir3120_5139}, takesHeapSnapshot=true, pageLoadStrategy=normal, databaseEnabled=false, handlesAlerts=true, hasTouchScreen=false, version=65.0.3325.146, platform=XP, browserConnectionEnabled=false, nativeEvents=true, acceptSslCerts=true, locationContextEnabled=true, webStorageEnabled=true, browserName=chrome, takesScreenshot=true, javascriptEnabled=true, cssSelectorsEnabled=true, setWindowRect=true, unexpectedAlertBehaviour=}]
Session ID: 7566a053e68a01ee951a3726aff37eac
	at org.openqa.selenium.remote.ErrorHandler.createThrowable(ErrorHandler.java:206)
	at org.openqa.selenium.remote.ErrorHandler.throwIfResponseFailed(ErrorHandler.java:158)
	at org.openqa.selenium.remote.RemoteWebDriver.execute(RemoteWebDriver.java:678)
	at org.openqa.selenium.remote.RemoteWebElement.execute(RemoteWebElement.java:327)
	at org.openqa.selenium.remote.RemoteWebElement.sendKeys(RemoteWebElement.java:122)
	at com.progrocers.TestCase.FunctionalTestCase.createNewCustomer(FunctionalTestCase.java:26)
... Removed 39 stack frames
</div> <!-- stack-trace -->
                </div> <!-- method-content -->
              </div> <!-- method -->
              <div class="method">
                <div class="method-content">
                  <a name="createNewCustomer({FirstName=, Password=, DecideSignUp=, LastName=, ConfirmPassword=, Email=})">
                  </a> <!-- createNewCustomer({FirstName=, Password=, DecideSignUp=, LastName=, ConfirmPassword=, Email=}) -->
                  <span class="method-name">createNewCustomer</span>
                  <span class="parameters">({FirstName=, Password=, DecideSignUp=, LastName=, ConfirmPassword=, Email=})</span>
                  <div class="stack-trace">org.openqa.selenium.WebDriverException: unknown error: call function result missing &apos;value&apos;
  (Session info: chrome=65.0.3325.146)
  (Driver info: chromedriver=2.33.506120 (e3e53437346286c0bc2d2dc9aa4915ba81d9023f),platform=Windows NT 6.1.7601 SP1 x86_64) (WARNING: The server did not provide any stacktrace information)
Command duration or timeout: 37 milliseconds
Build info: version: &apos;2.53.1&apos;, revision: &apos;a36b8b1cd5757287168e54b817830adce9b0158d&apos;, time: &apos;2016-06-30 19:26:09&apos;
System info: host: &apos;WKS56A&apos;, ip: &apos;192.168.1.56&apos;, os.name: &apos;Windows 7&apos;, os.arch: &apos;amd64&apos;, os.version: &apos;6.1&apos;, java.version: &apos;9.0.4&apos;
Driver info: org.openqa.selenium.chrome.ChromeDriver
Capabilities [{applicationCacheEnabled=false, rotatable=false, mobileEmulationEnabled=false, networkConnectionEnabled=false, chrome={chromedriverVersion=2.33.506120 (e3e53437346286c0bc2d2dc9aa4915ba81d9023f), userDataDir=C:\Users\NAVEEN~1.HTS\AppData\Local\Temp\scoped_dir3120_5139}, takesHeapSnapshot=true, pageLoadStrategy=normal, databaseEnabled=false, handlesAlerts=true, hasTouchScreen=false, version=65.0.3325.146, platform=XP, browserConnectionEnabled=false, nativeEvents=true, acceptSslCerts=true, locationContextEnabled=true, webStorageEnabled=true, browserName=chrome, takesScreenshot=true, javascriptEnabled=true, cssSelectorsEnabled=true, setWindowRect=true, unexpectedAlertBehaviour=}]
Session ID: 7566a053e68a01ee951a3726aff37eac
	at org.openqa.selenium.remote.ErrorHandler.createThrowable(ErrorHandler.java:206)
	at org.openqa.selenium.remote.ErrorHandler.throwIfResponseFailed(ErrorHandler.java:158)
	at org.openqa.selenium.remote.RemoteWebDriver.execute(RemoteWebDriver.java:678)
	at org.openqa.selenium.remote.RemoteWebElement.execute(RemoteWebElement.java:327)
	at org.openqa.selenium.remote.RemoteWebElement.sendKeys(RemoteWebElement.java:122)
	at com.progrocers.TestCase.FunctionalTestCase.createNewCustomer(FunctionalTestCase.java:26)
... Removed 39 stack frames
</div> <!-- stack-trace -->
                </div> <!-- method-content -->
              </div> <!-- method -->
              <div class="method">
                <div class="method-content">
                  <a name="createNewCustomer({FirstName=, Password=, DecideSignUp=, LastName=, ConfirmPassword=, Email=})">
                  </a> <!-- createNewCustomer({FirstName=, Password=, DecideSignUp=, LastName=, ConfirmPassword=, Email=}) -->
                  <span class="method-name">createNewCustomer</span>
                  <span class="parameters">({FirstName=, Password=, DecideSignUp=, LastName=, ConfirmPassword=, Email=})</span>
                  <div class="stack-trace">org.openqa.selenium.WebDriverException: unknown error: call function result missing &apos;value&apos;
  (Session info: chrome=65.0.3325.146)
  (Driver info: chromedriver=2.33.506120 (e3e53437346286c0bc2d2dc9aa4915ba81d9023f),platform=Windows NT 6.1.7601 SP1 x86_64) (WARNING: The server did not provide any stacktrace information)
Command duration or timeout: 106 milliseconds
Build info: version: &apos;2.53.1&apos;, revision: &apos;a36b8b1cd5757287168e54b817830adce9b0158d&apos;, time: &apos;2016-06-30 19:26:09&apos;
System info: host: &apos;WKS56A&apos;, ip: &apos;192.168.1.56&apos;, os.name: &apos;Windows 7&apos;, os.arch: &apos;amd64&apos;, os.version: &apos;6.1&apos;, java.version: &apos;9.0.4&apos;
Driver info: org.openqa.selenium.chrome.ChromeDriver
Capabilities [{applicationCacheEnabled=false, rotatable=false, mobileEmulationEnabled=false, networkConnectionEnabled=false, chrome={chromedriverVersion=2.33.506120 (e3e53437346286c0bc2d2dc9aa4915ba81d9023f), userDataDir=C:\Users\NAVEEN~1.HTS\AppData\Local\Temp\scoped_dir3120_5139}, takesHeapSnapshot=true, pageLoadStrategy=normal, databaseEnabled=false, handlesAlerts=true, hasTouchScreen=false, version=65.0.3325.146, platform=XP, browserConnectionEnabled=false, nativeEvents=true, acceptSslCerts=true, locationContextEnabled=true, webStorageEnabled=true, browserName=chrome, takesScreenshot=true, javascriptEnabled=true, cssSelectorsEnabled=true, setWindowRect=true, unexpectedAlertBehaviour=}]
Session ID: 7566a053e68a01ee951a3726aff37eac
	at org.openqa.selenium.remote.ErrorHandler.createThrowable(ErrorHandler.java:206)
	at org.openqa.selenium.remote.ErrorHandler.throwIfResponseFailed(ErrorHandler.java:158)
	at org.openqa.selenium.remote.RemoteWebDriver.execute(RemoteWebDriver.java:678)
	at org.openqa.selenium.remote.RemoteWebElement.execute(RemoteWebElement.java:327)
	at org.openqa.selenium.remote.RemoteWebElement.sendKeys(RemoteWebElement.java:122)
	at com.progrocers.TestCase.FunctionalTestCase.createNewCustomer(FunctionalTestCase.java:26)
... Removed 39 stack frames
</div> <!-- stack-trace -->
                </div> <!-- method-content -->
              </div> <!-- method -->
              <div class="method">
                <div class="method-content">
                  <a name="createNewCustomer({FirstName=Naveen, Password=abc12345, DecideSignUp=Y, LastName=Kumar, ConfirmPassword=abc12345, Emai...)">
                  </a> <!-- createNewCustomer({FirstName=Naveen, Password=abc12345, DecideSignUp=Y, LastName=Kumar, ConfirmPassword=abc12345, Emai...) -->
                  <span class="method-name">createNewCustomer</span>
                  <span class="parameters">({FirstName=Naveen, Password=abc12345, DecideSignUp=Y, LastName=Kumar, ConfirmPassword=abc12345, Email=naveenkumarvs89@gmail.com})</span>
                  <div class="stack-trace">org.openqa.selenium.WebDriverException: unknown error: call function result missing &apos;value&apos;
  (Session info: chrome=65.0.3325.146)
  (Driver info: chromedriver=2.33.506120 (e3e53437346286c0bc2d2dc9aa4915ba81d9023f),platform=Windows NT 6.1.7601 SP1 x86_64) (WARNING: The server did not provide any stacktrace information)
Command duration or timeout: 66 milliseconds
Build info: version: &apos;2.53.1&apos;, revision: &apos;a36b8b1cd5757287168e54b817830adce9b0158d&apos;, time: &apos;2016-06-30 19:26:09&apos;
System info: host: &apos;WKS56A&apos;, ip: &apos;192.168.1.56&apos;, os.name: &apos;Windows 7&apos;, os.arch: &apos;amd64&apos;, os.version: &apos;6.1&apos;, java.version: &apos;9.0.4&apos;
Driver info: org.openqa.selenium.chrome.ChromeDriver
Capabilities [{applicationCacheEnabled=false, rotatable=false, mobileEmulationEnabled=false, networkConnectionEnabled=false, chrome={chromedriverVersion=2.33.506120 (e3e53437346286c0bc2d2dc9aa4915ba81d9023f), userDataDir=C:\Users\NAVEEN~1.HTS\AppData\Local\Temp\scoped_dir3120_5139}, takesHeapSnapshot=true, pageLoadStrategy=normal, databaseEnabled=false, handlesAlerts=true, hasTouchScreen=false, version=65.0.3325.146, platform=XP, browserConnectionEnabled=false, nativeEvents=true, acceptSslCerts=true, locationContextEnabled=true, webStorageEnabled=true, browserName=chrome, takesScreenshot=true, javascriptEnabled=true, cssSelectorsEnabled=true, setWindowRect=true, unexpectedAlertBehaviour=}]
Session ID: 7566a053e68a01ee951a3726aff37eac
	at org.openqa.selenium.remote.ErrorHandler.createThrowable(ErrorHandler.java:206)
	at org.openqa.selenium.remote.ErrorHandler.throwIfResponseFailed(ErrorHandler.java:158)
	at org.openqa.selenium.remote.RemoteWebDriver.execute(RemoteWebDriver.java:678)
	at org.openqa.selenium.remote.RemoteWebElement.execute(RemoteWebElement.java:327)
	at org.openqa.selenium.remote.RemoteWebElement.sendKeys(RemoteWebElement.java:122)
	at com.progrocers.TestCase.FunctionalTestCase.createNewCustomer(FunctionalTestCase.java:26)
... Removed 39 stack frames
</div> <!-- stack-trace -->
                </div> <!-- method-content -->
              </div> <!-- method -->
              <div class="method">
                <div class="method-content">
                  <a name="createNewCustomer({FirstName=, Password=, DecideSignUp=, LastName=, ConfirmPassword=, Email=})">
                  </a> <!-- createNewCustomer({FirstName=, Password=, DecideSignUp=, LastName=, ConfirmPassword=, Email=}) -->
                  <span class="method-name">createNewCustomer</span>
                  <span class="parameters">({FirstName=, Password=, DecideSignUp=, LastName=, ConfirmPassword=, Email=})</span>
                  <div class="stack-trace">org.openqa.selenium.WebDriverException: unknown error: call function result missing &apos;value&apos;
  (Session info: chrome=65.0.3325.146)
  (Driver info: chromedriver=2.33.506120 (e3e53437346286c0bc2d2dc9aa4915ba81d9023f),platform=Windows NT 6.1.7601 SP1 x86_64) (WARNING: The server did not provide any stacktrace information)
Command duration or timeout: 39 milliseconds
Build info: version: &apos;2.53.1&apos;, revision: &apos;a36b8b1cd5757287168e54b817830adce9b0158d&apos;, time: &apos;2016-06-30 19:26:09&apos;
System info: host: &apos;WKS56A&apos;, ip: &apos;192.168.1.56&apos;, os.name: &apos;Windows 7&apos;, os.arch: &apos;amd64&apos;, os.version: &apos;6.1&apos;, java.version: &apos;9.0.4&apos;
Driver info: org.openqa.selenium.chrome.ChromeDriver
Capabilities [{applicationCacheEnabled=false, rotatable=false, mobileEmulationEnabled=false, networkConnectionEnabled=false, chrome={chromedriverVersion=2.33.506120 (e3e53437346286c0bc2d2dc9aa4915ba81d9023f), userDataDir=C:\Users\NAVEEN~1.HTS\AppData\Local\Temp\scoped_dir3120_5139}, takesHeapSnapshot=true, pageLoadStrategy=normal, databaseEnabled=false, handlesAlerts=true, hasTouchScreen=false, version=65.0.3325.146, platform=XP, browserConnectionEnabled=false, nativeEvents=true, acceptSslCerts=true, locationContextEnabled=true, webStorageEnabled=true, browserName=chrome, takesScreenshot=true, javascriptEnabled=true, cssSelectorsEnabled=true, setWindowRect=true, unexpectedAlertBehaviour=}]
Session ID: 7566a053e68a01ee951a3726aff37eac
	at org.openqa.selenium.remote.ErrorHandler.createThrowable(ErrorHandler.java:206)
	at org.openqa.selenium.remote.ErrorHandler.throwIfResponseFailed(ErrorHandler.java:158)
	at org.openqa.selenium.remote.RemoteWebDriver.execute(RemoteWebDriver.java:678)
	at org.openqa.selenium.remote.RemoteWebElement.execute(RemoteWebElement.java:327)
	at org.openqa.selenium.remote.RemoteWebElement.sendKeys(RemoteWebElement.java:122)
	at com.progrocers.TestCase.FunctionalTestCase.createNewCustomer(FunctionalTestCase.java:26)
... Removed 39 stack frames
</div> <!-- stack-trace -->
                </div> <!-- method-content -->
              </div> <!-- method -->
              <div class="method">
                <div class="method-content">
                  <a name="createNewCustomer({FirstName=, Password=, DecideSignUp=, LastName=, ConfirmPassword=, Email=})">
                  </a> <!-- createNewCustomer({FirstName=, Password=, DecideSignUp=, LastName=, ConfirmPassword=, Email=}) -->
                  <span class="method-name">createNewCustomer</span>
                  <span class="parameters">({FirstName=, Password=, DecideSignUp=, LastName=, ConfirmPassword=, Email=})</span>
                  <div class="stack-trace">org.openqa.selenium.WebDriverException: unknown error: call function result missing &apos;value&apos;
  (Session info: chrome=65.0.3325.146)
  (Driver info: chromedriver=2.33.506120 (e3e53437346286c0bc2d2dc9aa4915ba81d9023f),platform=Windows NT 6.1.7601 SP1 x86_64) (WARNING: The server did not provide any stacktrace information)
Command duration or timeout: 43 milliseconds
Build info: version: &apos;2.53.1&apos;, revision: &apos;a36b8b1cd5757287168e54b817830adce9b0158d&apos;, time: &apos;2016-06-30 19:26:09&apos;
System info: host: &apos;WKS56A&apos;, ip: &apos;192.168.1.56&apos;, os.name: &apos;Windows 7&apos;, os.arch: &apos;amd64&apos;, os.version: &apos;6.1&apos;, java.version: &apos;9.0.4&apos;
Driver info: org.openqa.selenium.chrome.ChromeDriver
Capabilities [{applicationCacheEnabled=false, rotatable=false, mobileEmulationEnabled=false, networkConnectionEnabled=false, chrome={chromedriverVersion=2.33.506120 (e3e53437346286c0bc2d2dc9aa4915ba81d9023f), userDataDir=C:\Users\NAVEEN~1.HTS\AppData\Local\Temp\scoped_dir3120_5139}, takesHeapSnapshot=true, pageLoadStrategy=normal, databaseEnabled=false, handlesAlerts=true, hasTouchScreen=false, version=65.0.3325.146, platform=XP, browserConnectionEnabled=false, nativeEvents=true, acceptSslCerts=true, locationContextEnabled=true, webStorageEnabled=true, browserName=chrome, takesScreenshot=true, javascriptEnabled=true, cssSelectorsEnabled=true, setWindowRect=true, unexpectedAlertBehaviour=}]
Session ID: 7566a053e68a01ee951a3726aff37eac
	at org.openqa.selenium.remote.ErrorHandler.createThrowable(ErrorHandler.java:206)
	at org.openqa.selenium.remote.ErrorHandler.throwIfResponseFailed(ErrorHandler.java:158)
	at org.openqa.selenium.remote.RemoteWebDriver.execute(RemoteWebDriver.java:678)
	at org.openqa.selenium.remote.RemoteWebElement.execute(RemoteWebElement.java:327)
	at org.openqa.selenium.remote.RemoteWebElement.sendKeys(RemoteWebElement.java:122)
	at com.progrocers.TestCase.FunctionalTestCase.createNewCustomer(FunctionalTestCase.java:26)
... Removed 39 stack frames
</div> <!-- stack-trace -->
                </div> <!-- method-content -->
              </div> <!-- method -->
              <div class="method">
                <div class="method-content">
                  <a name="createNewCustomer({FirstName=, Password=, DecideSignUp=, LastName=, ConfirmPassword=, Email=})">
                  </a> <!-- createNewCustomer({FirstName=, Password=, DecideSignUp=, LastName=, ConfirmPassword=, Email=}) -->
                  <span class="method-name">createNewCustomer</span>
                  <span class="parameters">({FirstName=, Password=, DecideSignUp=, LastName=, ConfirmPassword=, Email=})</span>
                  <div class="stack-trace">org.openqa.selenium.WebDriverException: unknown error: call function result missing &apos;value&apos;
  (Session info: chrome=65.0.3325.146)
  (Driver info: chromedriver=2.33.506120 (e3e53437346286c0bc2d2dc9aa4915ba81d9023f),platform=Windows NT 6.1.7601 SP1 x86_64) (WARNING: The server did not provide any stacktrace information)
Command duration or timeout: 59 milliseconds
Build info: version: &apos;2.53.1&apos;, revision: &apos;a36b8b1cd5757287168e54b817830adce9b0158d&apos;, time: &apos;2016-06-30 19:26:09&apos;
System info: host: &apos;WKS56A&apos;, ip: &apos;192.168.1.56&apos;, os.name: &apos;Windows 7&apos;, os.arch: &apos;amd64&apos;, os.version: &apos;6.1&apos;, java.version: &apos;9.0.4&apos;
Driver info: org.openqa.selenium.chrome.ChromeDriver
Capabilities [{applicationCacheEnabled=false, rotatable=false, mobileEmulationEnabled=false, networkConnectionEnabled=false, chrome={chromedriverVersion=2.33.506120 (e3e53437346286c0bc2d2dc9aa4915ba81d9023f), userDataDir=C:\Users\NAVEEN~1.HTS\AppData\Local\Temp\scoped_dir3120_5139}, takesHeapSnapshot=true, pageLoadStrategy=normal, databaseEnabled=false, handlesAlerts=true, hasTouchScreen=false, version=65.0.3325.146, platform=XP, browserConnectionEnabled=false, nativeEvents=true, acceptSslCerts=true, locationContextEnabled=true, webStorageEnabled=true, browserName=chrome, takesScreenshot=true, javascriptEnabled=true, cssSelectorsEnabled=true, setWindowRect=true, unexpectedAlertBehaviour=}]
Session ID: 7566a053e68a01ee951a3726aff37eac
	at org.openqa.selenium.remote.ErrorHandler.createThrowable(ErrorHandler.java:206)
	at org.openqa.selenium.remote.ErrorHandler.throwIfResponseFailed(ErrorHandler.java:158)
	at org.openqa.selenium.remote.RemoteWebDriver.execute(RemoteWebDriver.java:678)
	at org.openqa.selenium.remote.RemoteWebElement.execute(RemoteWebElement.java:327)
	at org.openqa.selenium.remote.RemoteWebElement.sendKeys(RemoteWebElement.java:122)
	at com.progrocers.TestCase.FunctionalTestCase.createNewCustomer(FunctionalTestCase.java:26)
... Removed 37 stack frames
</div> <!-- stack-trace -->
                </div> <!-- method-content -->
              </div> <!-- method -->
              <div class="method">
                <div class="method-content">
                  <a name="createNewCustomer({FirstName=, Password=, DecideSignUp=, LastName=, ConfirmPassword=, Email=})">
                  </a> <!-- createNewCustomer({FirstName=, Password=, DecideSignUp=, LastName=, ConfirmPassword=, Email=}) -->
                  <span class="method-name">createNewCustomer</span>
                  <span class="parameters">({FirstName=, Password=, DecideSignUp=, LastName=, ConfirmPassword=, Email=})</span>
                  <div class="stack-trace">org.openqa.selenium.WebDriverException: unknown error: call function result missing &apos;value&apos;
  (Session info: chrome=65.0.3325.146)
  (Driver info: chromedriver=2.33.506120 (e3e53437346286c0bc2d2dc9aa4915ba81d9023f),platform=Windows NT 6.1.7601 SP1 x86_64) (WARNING: The server did not provide any stacktrace information)
Command duration or timeout: 33 milliseconds
Build info: version: &apos;2.53.1&apos;, revision: &apos;a36b8b1cd5757287168e54b817830adce9b0158d&apos;, time: &apos;2016-06-30 19:26:09&apos;
System info: host: &apos;WKS56A&apos;, ip: &apos;192.168.1.56&apos;, os.name: &apos;Windows 7&apos;, os.arch: &apos;amd64&apos;, os.version: &apos;6.1&apos;, java.version: &apos;9.0.4&apos;
Driver info: org.openqa.selenium.chrome.ChromeDriver
Capabilities [{applicationCacheEnabled=false, rotatable=false, mobileEmulationEnabled=false, networkConnectionEnabled=false, chrome={chromedriverVersion=2.33.506120 (e3e53437346286c0bc2d2dc9aa4915ba81d9023f), userDataDir=C:\Users\NAVEEN~1.HTS\AppData\Local\Temp\scoped_dir3120_5139}, takesHeapSnapshot=true, pageLoadStrategy=normal, databaseEnabled=false, handlesAlerts=true, hasTouchScreen=false, version=65.0.3325.146, platform=XP, browserConnectionEnabled=false, nativeEvents=true, acceptSslCerts=true, locationContextEnabled=true, webStorageEnabled=true, browserName=chrome, takesScreenshot=true, javascriptEnabled=true, cssSelectorsEnabled=true, setWindowRect=true, unexpectedAlertBehaviour=}]
Session ID: 7566a053e68a01ee951a3726aff37eac
	at org.openqa.selenium.remote.ErrorHandler.createThrowable(ErrorHandler.java:206)
	at org.openqa.selenium.remote.ErrorHandler.throwIfResponseFailed(ErrorHandler.java:158)
	at org.openqa.selenium.remote.RemoteWebDriver.execute(RemoteWebDriver.java:678)
	at org.openqa.selenium.remote.RemoteWebElement.execute(RemoteWebElement.java:327)
	at org.openqa.selenium.remote.RemoteWebElement.sendKeys(RemoteWebElement.java:122)
	at com.progrocers.TestCase.FunctionalTestCase.createNewCustomer(FunctionalTestCase.java:26)
... Removed 37 stack frames
</div> <!-- stack-trace -->
                </div> <!-- method-content -->
              </div> <!-- method -->
              <div class="method">
                <div class="method-content">
                  <a name="createNewCustomer({FirstName=, Password=, DecideSignUp=, LastName=, ConfirmPassword=, Email=})">
                  </a> <!-- createNewCustomer({FirstName=, Password=, DecideSignUp=, LastName=, ConfirmPassword=, Email=}) -->
                  <span class="method-name">createNewCustomer</span>
                  <span class="parameters">({FirstName=, Password=, DecideSignUp=, LastName=, ConfirmPassword=, Email=})</span>
                  <div class="stack-trace">org.openqa.selenium.WebDriverException: unknown error: call function result missing &apos;value&apos;
  (Session info: chrome=65.0.3325.146)
  (Driver info: chromedriver=2.33.506120 (e3e53437346286c0bc2d2dc9aa4915ba81d9023f),platform=Windows NT 6.1.7601 SP1 x86_64) (WARNING: The server did not provide any stacktrace information)
Command duration or timeout: 96 milliseconds
Build info: version: &apos;2.53.1&apos;, revision: &apos;a36b8b1cd5757287168e54b817830adce9b0158d&apos;, time: &apos;2016-06-30 19:26:09&apos;
System info: host: &apos;WKS56A&apos;, ip: &apos;192.168.1.56&apos;, os.name: &apos;Windows 7&apos;, os.arch: &apos;amd64&apos;, os.version: &apos;6.1&apos;, java.version: &apos;9.0.4&apos;
Driver info: org.openqa.selenium.chrome.ChromeDriver
Capabilities [{applicationCacheEnabled=false, rotatable=false, mobileEmulationEnabled=false, networkConnectionEnabled=false, chrome={chromedriverVersion=2.33.506120 (e3e53437346286c0bc2d2dc9aa4915ba81d9023f), userDataDir=C:\Users\NAVEEN~1.HTS\AppData\Local\Temp\scoped_dir3120_5139}, takesHeapSnapshot=true, pageLoadStrategy=normal, databaseEnabled=false, handlesAlerts=true, hasTouchScreen=false, version=65.0.3325.146, platform=XP, browserConnectionEnabled=false, nativeEvents=true, acceptSslCerts=true, locationContextEnabled=true, webStorageEnabled=true, browserName=chrome, takesScreenshot=true, javascriptEnabled=true, cssSelectorsEnabled=true, setWindowRect=true, unexpectedAlertBehaviour=}]
Session ID: 7566a053e68a01ee951a3726aff37eac
	at org.openqa.selenium.remote.ErrorHandler.createThrowable(ErrorHandler.java:206)
	at org.openqa.selenium.remote.ErrorHandler.throwIfResponseFailed(ErrorHandler.java:158)
	at org.openqa.selenium.remote.RemoteWebDriver.execute(RemoteWebDriver.java:678)
	at org.openqa.selenium.remote.RemoteWebElement.execute(RemoteWebElement.java:327)
	at org.openqa.selenium.remote.RemoteWebElement.sendKeys(RemoteWebElement.java:122)
	at com.progrocers.TestCase.FunctionalTestCase.createNewCustomer(FunctionalTestCase.java:26)
... Removed 39 stack frames
</div> <!-- stack-trace -->
                </div> <!-- method-content -->
              </div> <!-- method -->
              <div class="method">
                <div class="method-content">
                  <a name="createNewCustomer({FirstName=, Password=, DecideSignUp=, LastName=, ConfirmPassword=, Email=})">
                  </a> <!-- createNewCustomer({FirstName=, Password=, DecideSignUp=, LastName=, ConfirmPassword=, Email=}) -->
                  <span class="method-name">createNewCustomer</span>
                  <span class="parameters">({FirstName=, Password=, DecideSignUp=, LastName=, ConfirmPassword=, Email=})</span>
                  <div class="stack-trace">org.openqa.selenium.WebDriverException: unknown error: call function result missing &apos;value&apos;
  (Session info: chrome=65.0.3325.146)
  (Driver info: chromedriver=2.33.506120 (e3e53437346286c0bc2d2dc9aa4915ba81d9023f),platform=Windows NT 6.1.7601 SP1 x86_64) (WARNING: The server did not provide any stacktrace information)
Command duration or timeout: 38 milliseconds
Build info: version: &apos;2.53.1&apos;, revision: &apos;a36b8b1cd5757287168e54b817830adce9b0158d&apos;, time: &apos;2016-06-30 19:26:09&apos;
System info: host: &apos;WKS56A&apos;, ip: &apos;192.168.1.56&apos;, os.name: &apos;Windows 7&apos;, os.arch: &apos;amd64&apos;, os.version: &apos;6.1&apos;, java.version: &apos;9.0.4&apos;
Driver info: org.openqa.selenium.chrome.ChromeDriver
Capabilities [{applicationCacheEnabled=false, rotatable=false, mobileEmulationEnabled=false, networkConnectionEnabled=false, chrome={chromedriverVersion=2.33.506120 (e3e53437346286c0bc2d2dc9aa4915ba81d9023f), userDataDir=C:\Users\NAVEEN~1.HTS\AppData\Local\Temp\scoped_dir3120_5139}, takesHeapSnapshot=true, pageLoadStrategy=normal, databaseEnabled=false, handlesAlerts=true, hasTouchScreen=false, version=65.0.3325.146, platform=XP, browserConnectionEnabled=false, nativeEvents=true, acceptSslCerts=true, locationContextEnabled=true, webStorageEnabled=true, browserName=chrome, takesScreenshot=true, javascriptEnabled=true, cssSelectorsEnabled=true, setWindowRect=true, unexpectedAlertBehaviour=}]
Session ID: 7566a053e68a01ee951a3726aff37eac
	at org.openqa.selenium.remote.ErrorHandler.createThrowable(ErrorHandler.java:206)
	at org.openqa.selenium.remote.ErrorHandler.throwIfResponseFailed(ErrorHandler.java:158)
	at org.openqa.selenium.remote.RemoteWebDriver.execute(RemoteWebDriver.java:678)
	at org.openqa.selenium.remote.RemoteWebElement.execute(RemoteWebElement.java:327)
	at org.openqa.selenium.remote.RemoteWebElement.sendKeys(RemoteWebElement.java:122)
	at com.progrocers.TestCase.FunctionalTestCase.createNewCustomer(FunctionalTestCase.java:26)
... Removed 39 stack frames
</div> <!-- stack-trace -->
                </div> <!-- method-content -->
              </div> <!-- method -->
              <div class="method">
                <div class="method-content">
                  <a name="createNewCustomer({FirstName=, Password=, DecideSignUp=, LastName=, ConfirmPassword=, Email=})">
                  </a> <!-- createNewCustomer({FirstName=, Password=, DecideSignUp=, LastName=, ConfirmPassword=, Email=}) -->
                  <span class="method-name">createNewCustomer</span>
                  <span class="parameters">({FirstName=, Password=, DecideSignUp=, LastName=, ConfirmPassword=, Email=})</span>
                  <div class="stack-trace">org.openqa.selenium.WebDriverException: unknown error: call function result missing &apos;value&apos;
  (Session info: chrome=65.0.3325.146)
  (Driver info: chromedriver=2.33.506120 (e3e53437346286c0bc2d2dc9aa4915ba81d9023f),platform=Windows NT 6.1.7601 SP1 x86_64) (WARNING: The server did not provide any stacktrace information)
Command duration or timeout: 59 milliseconds
Build info: version: &apos;2.53.1&apos;, revision: &apos;a36b8b1cd5757287168e54b817830adce9b0158d&apos;, time: &apos;2016-06-30 19:26:09&apos;
System info: host: &apos;WKS56A&apos;, ip: &apos;192.168.1.56&apos;, os.name: &apos;Windows 7&apos;, os.arch: &apos;amd64&apos;, os.version: &apos;6.1&apos;, java.version: &apos;9.0.4&apos;
Driver info: org.openqa.selenium.chrome.ChromeDriver
Capabilities [{applicationCacheEnabled=false, rotatable=false, mobileEmulationEnabled=false, networkConnectionEnabled=false, chrome={chromedriverVersion=2.33.506120 (e3e53437346286c0bc2d2dc9aa4915ba81d9023f), userDataDir=C:\Users\NAVEEN~1.HTS\AppData\Local\Temp\scoped_dir3120_5139}, takesHeapSnapshot=true, pageLoadStrategy=normal, databaseEnabled=false, handlesAlerts=true, hasTouchScreen=false, version=65.0.3325.146, platform=XP, browserConnectionEnabled=false, nativeEvents=true, acceptSslCerts=true, locationContextEnabled=true, webStorageEnabled=true, browserName=chrome, takesScreenshot=true, javascriptEnabled=true, cssSelectorsEnabled=true, setWindowRect=true, unexpectedAlertBehaviour=}]
Session ID: 7566a053e68a01ee951a3726aff37eac
	at org.openqa.selenium.remote.ErrorHandler.createThrowable(ErrorHandler.java:206)
	at org.openqa.selenium.remote.ErrorHandler.throwIfResponseFailed(ErrorHandler.java:158)
	at org.openqa.selenium.remote.RemoteWebDriver.execute(RemoteWebDriver.java:678)
	at org.openqa.selenium.remote.RemoteWebElement.execute(RemoteWebElement.java:327)
	at org.openqa.selenium.remote.RemoteWebElement.sendKeys(RemoteWebElement.java:122)
	at com.progrocers.TestCase.FunctionalTestCase.createNewCustomer(FunctionalTestCase.java:26)
... Removed 39 stack frames
</div> <!-- stack-trace -->
                </div> <!-- method-content -->
              </div> <!-- method -->
              <div class="method">
                <div class="method-content">
                  <a name="createNewCustomer({FirstName=, Password=, DecideSignUp=, LastName=, ConfirmPassword=, Email=})">
                  </a> <!-- createNewCustomer({FirstName=, Password=, DecideSignUp=, LastName=, ConfirmPassword=, Email=}) -->
                  <span class="method-name">createNewCustomer</span>
                  <span class="parameters">({FirstName=, Password=, DecideSignUp=, LastName=, ConfirmPassword=, Email=})</span>
                  <div class="stack-trace">org.openqa.selenium.WebDriverException: unknown error: call function result missing &apos;value&apos;
  (Session info: chrome=65.0.3325.146)
  (Driver info: chromedriver=2.33.506120 (e3e53437346286c0bc2d2dc9aa4915ba81d9023f),platform=Windows NT 6.1.7601 SP1 x86_64) (WARNING: The server did not provide any stacktrace information)
Command duration or timeout: 79 milliseconds
Build info: version: &apos;2.53.1&apos;, revision: &apos;a36b8b1cd5757287168e54b817830adce9b0158d&apos;, time: &apos;2016-06-30 19:26:09&apos;
System info: host: &apos;WKS56A&apos;, ip: &apos;192.168.1.56&apos;, os.name: &apos;Windows 7&apos;, os.arch: &apos;amd64&apos;, os.version: &apos;6.1&apos;, java.version: &apos;9.0.4&apos;
Driver info: org.openqa.selenium.chrome.ChromeDriver
Capabilities [{applicationCacheEnabled=false, rotatable=false, mobileEmulationEnabled=false, networkConnectionEnabled=false, chrome={chromedriverVersion=2.33.506120 (e3e53437346286c0bc2d2dc9aa4915ba81d9023f), userDataDir=C:\Users\NAVEEN~1.HTS\AppData\Local\Temp\scoped_dir3120_5139}, takesHeapSnapshot=true, pageLoadStrategy=normal, databaseEnabled=false, handlesAlerts=true, hasTouchScreen=false, version=65.0.3325.146, platform=XP, browserConnectionEnabled=false, nativeEvents=true, acceptSslCerts=true, locationContextEnabled=true, webStorageEnabled=true, browserName=chrome, takesScreenshot=true, javascriptEnabled=true, cssSelectorsEnabled=true, setWindowRect=true, unexpectedAlertBehaviour=}]
Session ID: 7566a053e68a01ee951a3726aff37eac
	at org.openqa.selenium.remote.ErrorHandler.createThrowable(ErrorHandler.java:206)
	at org.openqa.selenium.remote.ErrorHandler.throwIfResponseFailed(ErrorHandler.java:158)
	at org.openqa.selenium.remote.RemoteWebDriver.execute(RemoteWebDriver.java:678)
	at org.openqa.selenium.remote.RemoteWebElement.execute(RemoteWebElement.java:327)
	at org.openqa.selenium.remote.RemoteWebElement.sendKeys(RemoteWebElement.java:122)
	at com.progrocers.TestCase.FunctionalTestCase.createNewCustomer(FunctionalTestCase.java:26)
... Removed 39 stack frames
</div> <!-- stack-trace -->
                </div> <!-- method-content -->
              </div> <!-- method -->
              <div class="method">
                <div class="method-content">
                  <a name="createNewCustomer({FirstName=, Password=, DecideSignUp=, LastName=, ConfirmPassword=, Email=})">
                  </a> <!-- createNewCustomer({FirstName=, Password=, DecideSignUp=, LastName=, ConfirmPassword=, Email=}) -->
                  <span class="method-name">createNewCustomer</span>
                  <span class="parameters">({FirstName=, Password=, DecideSignUp=, LastName=, ConfirmPassword=, Email=})</span>
                  <div class="stack-trace">org.openqa.selenium.WebDriverException: unknown error: call function result missing &apos;value&apos;
  (Session info: chrome=65.0.3325.146)
  (Driver info: chromedriver=2.33.506120 (e3e53437346286c0bc2d2dc9aa4915ba81d9023f),platform=Windows NT 6.1.7601 SP1 x86_64) (WARNING: The server did not provide any stacktrace information)
Command duration or timeout: 39 milliseconds
Build info: version: &apos;2.53.1&apos;, revision: &apos;a36b8b1cd5757287168e54b817830adce9b0158d&apos;, time: &apos;2016-06-30 19:26:09&apos;
System info: host: &apos;WKS56A&apos;, ip: &apos;192.168.1.56&apos;, os.name: &apos;Windows 7&apos;, os.arch: &apos;amd64&apos;, os.version: &apos;6.1&apos;, java.version: &apos;9.0.4&apos;
Driver info: org.openqa.selenium.chrome.ChromeDriver
Capabilities [{applicationCacheEnabled=false, rotatable=false, mobileEmulationEnabled=false, networkConnectionEnabled=false, chrome={chromedriverVersion=2.33.506120 (e3e53437346286c0bc2d2dc9aa4915ba81d9023f), userDataDir=C:\Users\NAVEEN~1.HTS\AppData\Local\Temp\scoped_dir3120_5139}, takesHeapSnapshot=true, pageLoadStrategy=normal, databaseEnabled=false, handlesAlerts=true, hasTouchScreen=false, version=65.0.3325.146, platform=XP, browserConnectionEnabled=false, nativeEvents=true, acceptSslCerts=true, locationContextEnabled=true, webStorageEnabled=true, browserName=chrome, takesScreenshot=true, javascriptEnabled=true, cssSelectorsEnabled=true, setWindowRect=true, unexpectedAlertBehaviour=}]
Session ID: 7566a053e68a01ee951a3726aff37eac
	at org.openqa.selenium.remote.ErrorHandler.createThrowable(ErrorHandler.java:206)
	at org.openqa.selenium.remote.ErrorHandler.throwIfResponseFailed(ErrorHandler.java:158)
	at org.openqa.selenium.remote.RemoteWebDriver.execute(RemoteWebDriver.java:678)
	at org.openqa.selenium.remote.RemoteWebElement.execute(RemoteWebElement.java:327)
	at org.openqa.selenium.remote.RemoteWebElement.sendKeys(RemoteWebElement.java:122)
	at com.progrocers.TestCase.FunctionalTestCase.createNewCustomer(FunctionalTestCase.java:26)
... Removed 37 stack frames
</div> <!-- stack-trace -->
                </div> <!-- method-content -->
              </div> <!-- method -->
              <div class="method">
                <div class="method-content">
                  <a name="createNewCustomer({FirstName=, Password=, DecideSignUp=, LastName=, ConfirmPassword=, Email=})">
                  </a> <!-- createNewCustomer({FirstName=, Password=, DecideSignUp=, LastName=, ConfirmPassword=, Email=}) -->
                  <span class="method-name">createNewCustomer</span>
                  <span class="parameters">({FirstName=, Password=, DecideSignUp=, LastName=, ConfirmPassword=, Email=})</span>
                  <div class="stack-trace">org.openqa.selenium.WebDriverException: unknown error: call function result missing &apos;value&apos;
  (Session info: chrome=65.0.3325.146)
  (Driver info: chromedriver=2.33.506120 (e3e53437346286c0bc2d2dc9aa4915ba81d9023f),platform=Windows NT 6.1.7601 SP1 x86_64) (WARNING: The server did not provide any stacktrace information)
Command duration or timeout: 44 milliseconds
Build info: version: &apos;2.53.1&apos;, revision: &apos;a36b8b1cd5757287168e54b817830adce9b0158d&apos;, time: &apos;2016-06-30 19:26:09&apos;
System info: host: &apos;WKS56A&apos;, ip: &apos;192.168.1.56&apos;, os.name: &apos;Windows 7&apos;, os.arch: &apos;amd64&apos;, os.version: &apos;6.1&apos;, java.version: &apos;9.0.4&apos;
Driver info: org.openqa.selenium.chrome.ChromeDriver
Capabilities [{applicationCacheEnabled=false, rotatable=false, mobileEmulationEnabled=false, networkConnectionEnabled=false, chrome={chromedriverVersion=2.33.506120 (e3e53437346286c0bc2d2dc9aa4915ba81d9023f), userDataDir=C:\Users\NAVEEN~1.HTS\AppData\Local\Temp\scoped_dir3120_5139}, takesHeapSnapshot=true, pageLoadStrategy=normal, databaseEnabled=false, handlesAlerts=true, hasTouchScreen=false, version=65.0.3325.146, platform=XP, browserConnectionEnabled=false, nativeEvents=true, acceptSslCerts=true, locationContextEnabled=true, webStorageEnabled=true, browserName=chrome, takesScreenshot=true, javascriptEnabled=true, cssSelectorsEnabled=true, setWindowRect=true, unexpectedAlertBehaviour=}]
Session ID: 7566a053e68a01ee951a3726aff37eac
	at org.openqa.selenium.remote.ErrorHandler.createThrowable(ErrorHandler.java:206)
	at org.openqa.selenium.remote.ErrorHandler.throwIfResponseFailed(ErrorHandler.java:158)
	at org.openqa.selenium.remote.RemoteWebDriver.execute(RemoteWebDriver.java:678)
	at org.openqa.selenium.remote.RemoteWebElement.execute(RemoteWebElement.java:327)
	at org.openqa.selenium.remote.RemoteWebElement.sendKeys(RemoteWebElement.java:122)
	at com.progrocers.TestCase.FunctionalTestCase.createNewCustomer(FunctionalTestCase.java:26)
... Removed 39 stack frames
</div> <!-- stack-trace -->
                </div> <!-- method-content -->
              </div> <!-- method -->
              <div class="method">
                <div class="method-content">
                  <a name="createNewCustomer({FirstName=, Password=, DecideSignUp=, LastName=, ConfirmPassword=, Email=})">
                  </a> <!-- createNewCustomer({FirstName=, Password=, DecideSignUp=, LastName=, ConfirmPassword=, Email=}) -->
                  <span class="method-name">createNewCustomer</span>
                  <span class="parameters">({FirstName=, Password=, DecideSignUp=, LastName=, ConfirmPassword=, Email=})</span>
                  <div class="stack-trace">org.openqa.selenium.WebDriverException: unknown error: call function result missing &apos;value&apos;
  (Session info: chrome=65.0.3325.146)
  (Driver info: chromedriver=2.33.506120 (e3e53437346286c0bc2d2dc9aa4915ba81d9023f),platform=Windows NT 6.1.7601 SP1 x86_64) (WARNING: The server did not provide any stacktrace information)
Command duration or timeout: 34 milliseconds
Build info: version: &apos;2.53.1&apos;, revision: &apos;a36b8b1cd5757287168e54b817830adce9b0158d&apos;, time: &apos;2016-06-30 19:26:09&apos;
System info: host: &apos;WKS56A&apos;, ip: &apos;192.168.1.56&apos;, os.name: &apos;Windows 7&apos;, os.arch: &apos;amd64&apos;, os.version: &apos;6.1&apos;, java.version: &apos;9.0.4&apos;
Driver info: org.openqa.selenium.chrome.ChromeDriver
Capabilities [{applicationCacheEnabled=false, rotatable=false, mobileEmulationEnabled=false, networkConnectionEnabled=false, chrome={chromedriverVersion=2.33.506120 (e3e53437346286c0bc2d2dc9aa4915ba81d9023f), userDataDir=C:\Users\NAVEEN~1.HTS\AppData\Local\Temp\scoped_dir3120_5139}, takesHeapSnapshot=true, pageLoadStrategy=normal, databaseEnabled=false, handlesAlerts=true, hasTouchScreen=false, version=65.0.3325.146, platform=XP, browserConnectionEnabled=false, nativeEvents=true, acceptSslCerts=true, locationContextEnabled=true, webStorageEnabled=true, browserName=chrome, takesScreenshot=true, javascriptEnabled=true, cssSelectorsEnabled=true, setWindowRect=true, unexpectedAlertBehaviour=}]
Session ID: 7566a053e68a01ee951a3726aff37eac
	at org.openqa.selenium.remote.ErrorHandler.createThrowable(ErrorHandler.java:206)
	at org.openqa.selenium.remote.ErrorHandler.throwIfResponseFailed(ErrorHandler.java:158)
	at org.openqa.selenium.remote.RemoteWebDriver.execute(RemoteWebDriver.java:678)
	at org.openqa.selenium.remote.RemoteWebElement.execute(RemoteWebElement.java:327)
	at org.openqa.selenium.remote.RemoteWebElement.sendKeys(RemoteWebElement.java:122)
	at com.progrocers.TestCase.FunctionalTestCase.createNewCustomer(FunctionalTestCase.java:26)
... Removed 37 stack frames
</div> <!-- stack-trace -->
                </div> <!-- method-content -->
              </div> <!-- method -->
              <div class="method">
                <div class="method-content">
                  <a name="createNewCustomer({FirstName=, Password=, DecideSignUp=, LastName=, ConfirmPassword=, Email=})">
                  </a> <!-- createNewCustomer({FirstName=, Password=, DecideSignUp=, LastName=, ConfirmPassword=, Email=}) -->
                  <span class="method-name">createNewCustomer</span>
                  <span class="parameters">({FirstName=, Password=, DecideSignUp=, LastName=, ConfirmPassword=, Email=})</span>
                  <div class="stack-trace">org.openqa.selenium.WebDriverException: unknown error: call function result missing &apos;value&apos;
  (Session info: chrome=65.0.3325.146)
  (Driver info: chromedriver=2.33.506120 (e3e53437346286c0bc2d2dc9aa4915ba81d9023f),platform=Windows NT 6.1.7601 SP1 x86_64) (WARNING: The server did not provide any stacktrace information)
Command duration or timeout: 34 milliseconds
Build info: version: &apos;2.53.1&apos;, revision: &apos;a36b8b1cd5757287168e54b817830adce9b0158d&apos;, time: &apos;2016-06-30 19:26:09&apos;
System info: host: &apos;WKS56A&apos;, ip: &apos;192.168.1.56&apos;, os.name: &apos;Windows 7&apos;, os.arch: &apos;amd64&apos;, os.version: &apos;6.1&apos;, java.version: &apos;9.0.4&apos;
Driver info: org.openqa.selenium.chrome.ChromeDriver
Capabilities [{applicationCacheEnabled=false, rotatable=false, mobileEmulationEnabled=false, networkConnectionEnabled=false, chrome={chromedriverVersion=2.33.506120 (e3e53437346286c0bc2d2dc9aa4915ba81d9023f), userDataDir=C:\Users\NAVEEN~1.HTS\AppData\Local\Temp\scoped_dir3120_5139}, takesHeapSnapshot=true, pageLoadStrategy=normal, databaseEnabled=false, handlesAlerts=true, hasTouchScreen=false, version=65.0.3325.146, platform=XP, browserConnectionEnabled=false, nativeEvents=true, acceptSslCerts=true, locationContextEnabled=true, webStorageEnabled=true, browserName=chrome, takesScreenshot=true, javascriptEnabled=true, cssSelectorsEnabled=true, setWindowRect=true, unexpectedAlertBehaviour=}]
Session ID: 7566a053e68a01ee951a3726aff37eac
	at org.openqa.selenium.remote.ErrorHandler.createThrowable(ErrorHandler.java:206)
	at org.openqa.selenium.remote.ErrorHandler.throwIfResponseFailed(ErrorHandler.java:158)
	at org.openqa.selenium.remote.RemoteWebDriver.execute(RemoteWebDriver.java:678)
	at org.openqa.selenium.remote.RemoteWebElement.execute(RemoteWebElement.java:327)
	at org.openqa.selenium.remote.RemoteWebElement.sendKeys(RemoteWebElement.java:122)
	at com.progrocers.TestCase.FunctionalTestCase.createNewCustomer(FunctionalTestCase.java:26)
... Removed 37 stack frames
</div> <!-- stack-trace -->
                </div> <!-- method-content -->
              </div> <!-- method -->
            </div> <!-- main-panel-content rounded-window-bottom -->
          </div> <!-- suite-Command_line_suite-class-failed -->
        </div> <!-- panel Command_line_suite -->
        <div panel-name="test-xml-Command_line_suite" class="panel">
          <div class="main-panel-header rounded-window-top">
          </div> <!-- main-panel-header rounded-window-top -->
          <div class="main-panel-content rounded-window-bottom">
            <pre>
&lt;?xml version=&quot;1.0&quot; encoding=&quot;UTF-8&quot;?&gt;
&lt;!DOCTYPE suite SYSTEM &quot;http://testng.org/testng-1.0.dtd&quot;&gt;
&lt;suite name=&quot;Command line suite&quot; verbose=&quot;0&quot;&gt;
  &lt;test thread-count=&quot;5&quot; name=&quot;Command line test&quot; verbose=&quot;0&quot;&gt;
    &lt;classes&gt;
      &lt;class name=&quot;com.progrocers.Base.TestBase&quot;/&gt;
      &lt;class name=&quot;com.progrocers.TestCase.FunctionalTestCase&quot;/&gt;
      &lt;class name=&quot;com.progrocers.Utilities.TestConfig&quot;/&gt;
      &lt;class name=&quot;com.progrocers.Utilities.TestUtil&quot;/&gt;
    &lt;/classes&gt;
  &lt;/test&gt; &lt;!-- Command line test --&gt;
&lt;/suite&gt; &lt;!-- Command line suite --&gt;
            </pre>
          </div> <!-- main-panel-content rounded-window-bottom -->
        </div> <!-- panel -->
        <div panel-name="testlist-Command_line_suite" class="panel">
          <div class="main-panel-header rounded-window-top">
            <span class="header-content">Tests for Command line suite</span>
          </div> <!-- main-panel-header rounded-window-top -->
          <div class="main-panel-content rounded-window-bottom">
            <ul>
              <li>
                <span class="test-name">Command line test (4 classes)</span>
              </li>
            </ul>
          </div> <!-- main-panel-content rounded-window-bottom -->
        </div> <!-- panel -->
        <div panel-name="group-Command_line_suite" class="panel">
          <div class="main-panel-header rounded-window-top">
            <span class="header-content">Groups for Command line suite</span>
          </div> <!-- main-panel-header rounded-window-top -->
          <div class="main-panel-content rounded-window-bottom">
          </div> <!-- main-panel-content rounded-window-bottom -->
        </div> <!-- panel -->
        <div panel-name="times-Command_line_suite" class="panel">
          <div class="main-panel-header rounded-window-top">
            <span class="header-content">Times for Command line suite</span>
          </div> <!-- main-panel-header rounded-window-top -->
          <div class="main-panel-content rounded-window-bottom">
            <div class="times-div">
              <script type="text/javascript">
suiteTableInitFunctions.push('tableData_Command_line_suite');
function tableData_Command_line_suite() {
var data = new google.visualization.DataTable();
data.addColumn('number', 'Number');
data.addColumn('string', 'Method');
data.addColumn('string', 'Class');
data.addColumn('number', 'Time (ms)');
data.addRows(23);
data.setCell(0, 0, 0)
data.setCell(0, 1, 'createNewCustomer')
data.setCell(0, 2, 'com.progrocers.TestCase.FunctionalTestCase')
data.setCell(0, 3, 175);
data.setCell(1, 0, 1)
data.setCell(1, 1, 'createNewCustomer')
data.setCell(1, 2, 'com.progrocers.TestCase.FunctionalTestCase')
data.setCell(1, 3, 174);
data.setCell(2, 0, 2)
data.setCell(2, 1, 'createNewCustomer')
data.setCell(2, 2, 'com.progrocers.TestCase.FunctionalTestCase')
data.setCell(2, 3, 147);
data.setCell(3, 0, 3)
data.setCell(3, 1, 'createNewCustomer')
data.setCell(3, 2, 'com.progrocers.TestCase.FunctionalTestCase')
data.setCell(3, 3, 138);
data.setCell(4, 0, 4)
data.setCell(4, 1, 'createNewCustomer')
data.setCell(4, 2, 'com.progrocers.TestCase.FunctionalTestCase')
data.setCell(4, 3, 129);
data.setCell(5, 0, 5)
data.setCell(5, 1, 'createNewCustomer')
data.setCell(5, 2, 'com.progrocers.TestCase.FunctionalTestCase')
data.setCell(5, 3, 122);
data.setCell(6, 0, 6)
data.setCell(6, 1, 'createNewCustomer')
data.setCell(6, 2, 'com.progrocers.TestCase.FunctionalTestCase')
data.setCell(6, 3, 84);
data.setCell(7, 0, 7)
data.setCell(7, 1, 'createNewCustomer')
data.setCell(7, 2, 'com.progrocers.TestCase.FunctionalTestCase')
data.setCell(7, 3, 83);
data.setCell(8, 0, 8)
data.setCell(8, 1, 'createNewCustomer')
data.setCell(8, 2, 'com.progrocers.TestCase.FunctionalTestCase')
data.setCell(8, 3, 82);
data.setCell(9, 0, 9)
data.setCell(9, 1, 'createNewCustomer')
data.setCell(9, 2, 'com.progrocers.TestCase.FunctionalTestCase')
data.setCell(9, 3, 81);
data.setCell(10, 0, 10)
data.setCell(10, 1, 'createNewCustomer')
data.setCell(10, 2, 'com.progrocers.TestCase.FunctionalTestCase')
data.setCell(10, 3, 79);
data.setCell(11, 0, 11)
data.setCell(11, 1, 'createNewCustomer')
data.setCell(11, 2, 'com.progrocers.TestCase.FunctionalTestCase')
data.setCell(11, 3, 78);
data.setCell(12, 0, 12)
data.setCell(12, 1, 'createNewCustomer')
data.setCell(12, 2, 'com.progrocers.TestCase.FunctionalTestCase')
data.setCell(12, 3, 78);
data.setCell(13, 0, 13)
data.setCell(13, 1, 'createNewCustomer')
data.setCell(13, 2, 'com.progrocers.TestCase.FunctionalTestCase')
data.setCell(13, 3, 69);
data.setCell(14, 0, 14)
data.setCell(14, 1, 'createNewCustomer')
data.setCell(14, 2, 'com.progrocers.TestCase.FunctionalTestCase')
data.setCell(14, 3, 68);
data.setCell(15, 0, 15)
data.setCell(15, 1, 'createNewCustomer')
data.setCell(15, 2, 'com.progrocers.TestCase.FunctionalTestCase')
data.setCell(15, 3, 66);
data.setCell(16, 0, 16)
data.setCell(16, 1, 'createNewCustomer')
data.setCell(16, 2, 'com.progrocers.TestCase.FunctionalTestCase')
data.setCell(16, 3, 66);
data.setCell(17, 0, 17)
data.setCell(17, 1, 'createNewCustomer')
data.setCell(17, 2, 'com.progrocers.TestCase.FunctionalTestCase')
data.setCell(17, 3, 63);
data.setCell(18, 0, 18)
data.setCell(18, 1, 'createNewCustomer')
data.setCell(18, 2, 'com.progrocers.TestCase.FunctionalTestCase')
data.setCell(18, 3, 62);
data.setCell(19, 0, 19)
data.setCell(19, 1, 'createNewCustomer')
data.setCell(19, 2, 'com.progrocers.TestCase.FunctionalTestCase')
data.setCell(19, 3, 61);
data.setCell(20, 0, 20)
data.setCell(20, 1, 'createNewCustomer')
data.setCell(20, 2, 'com.progrocers.TestCase.FunctionalTestCase')
data.setCell(20, 3, 61);
data.setCell(21, 0, 21)
data.setCell(21, 1, 'createNewCustomer')
data.setCell(21, 2, 'com.progrocers.TestCase.FunctionalTestCase')
data.setCell(21, 3, 60);
data.setCell(22, 0, 22)
data.setCell(22, 1, 'createNewCustomer')
data.setCell(22, 2, 'com.progrocers.TestCase.FunctionalTestCase')
data.setCell(22, 3, 57);
window.suiteTableData['Command_line_suite']= { tableData: data, tableDiv: 'times-div-Command_line_suite'}
return data;
}
              </script>
              <span class="suite-total-time">Total running time: 2 seconds</span>
              <div id="times-div-Command_line_suite">
              </div> <!-- times-div-Command_line_suite -->
            </div> <!-- times-div -->
          </div> <!-- main-panel-content rounded-window-bottom -->
        </div> <!-- panel -->
        <div panel-name="reporter-Command_line_suite" class="panel">
          <div class="main-panel-header rounded-window-top">
            <span class="header-content">Reporter output for Command line suite</span>
          </div> <!-- main-panel-header rounded-window-top -->
          <div class="main-panel-content rounded-window-bottom">
          </div> <!-- main-panel-content rounded-window-bottom -->
        </div> <!-- panel -->
        <div panel-name="ignored-methods-Command_line_suite" class="panel">
          <div class="main-panel-header rounded-window-top">
            <span class="header-content">4 ignored methods</span>
          </div> <!-- main-panel-header rounded-window-top -->
          <div class="main-panel-content rounded-window-bottom">
            <div class="ignored-class-div">
              <span class="ignored-class-name">com.progrocers.Utilities.TestUtil</span>
              <div class="ignored-methods-div">
                <span class="ignored-method-name">finish</span>
                <br/>
                <span class="ignored-method-name">setUp</span>
                <br/>
              </div> <!-- ignored-methods-div -->
            </div> <!-- ignored-class-div -->
            <div class="ignored-class-div">
              <span class="ignored-class-name">com.progrocers.TestCase.FunctionalTestCase</span>
              <div class="ignored-methods-div">
                <span class="ignored-method-name">finish</span>
                <br/>
                <span class="ignored-method-name">setUp</span>
                <br/>
              </div> <!-- ignored-methods-div -->
            </div> <!-- ignored-class-div -->
          </div> <!-- main-panel-content rounded-window-bottom -->
        </div> <!-- panel -->
        <div panel-name="chronological-Command_line_suite" class="panel">
          <div class="main-panel-header rounded-window-top">
            <span class="header-content">Methods in chronological order</span>
          </div> <!-- main-panel-header rounded-window-top -->
          <div class="main-panel-content rounded-window-bottom">
            <div class="chronological-class">
              <div class="chronological-class-name">com.progrocers.Base.TestBase</div> <!-- chronological-class-name -->
              <div class="configuration-suite before">
                <span class="method-name">setUp</span>
                <span class="method-start">0 ms</span>
              </div> <!-- configuration-suite before -->
            </div> <!-- chronological-class -->
            <div class="chronological-class">
              <div class="chronological-class-name">com.progrocers.TestCase.FunctionalTestCase</div> <!-- chronological-class-name -->
              <div class="test-method">
                <img src="failed.png">
                </img>
                <span class="method-name">createNewCustomer({FirstName=Naveen, Password=abc12345, DecideSignUp=Y, LastName=Kumar, ConfirmPassword=abc12345, Emai...)</span>
                <span class="method-start">14790 ms</span>
              </div> <!-- test-method -->
              <div class="test-method">
                <img src="failed.png">
                </img>
                <span class="method-name">createNewCustomer({FirstName=, Password=, DecideSignUp=, LastName=, ConfirmPassword=, Email=})</span>
                <span class="method-start">14921 ms</span>
              </div> <!-- test-method -->
              <div class="test-method">
                <img src="failed.png">
                </img>
                <span class="method-name">createNewCustomer({FirstName=, Password=, DecideSignUp=, LastName=, ConfirmPassword=, Email=})</span>
                <span class="method-start">15002 ms</span>
              </div> <!-- test-method -->
              <div class="test-method">
                <img src="failed.png">
                </img>
                <span class="method-name">createNewCustomer({FirstName=, Password=, DecideSignUp=, LastName=, ConfirmPassword=, Email=})</span>
                <span class="method-start">15083 ms</span>
              </div> <!-- test-method -->
              <div class="test-method">
                <img src="failed.png">
                </img>
                <span class="method-name">createNewCustomer({FirstName=, Password=, DecideSignUp=, LastName=, ConfirmPassword=, Email=})</span>
                <span class="method-start">15147 ms</span>
              </div> <!-- test-method -->
              <div class="test-method">
                <img src="failed.png">
                </img>
                <span class="method-name">createNewCustomer({FirstName=, Password=, DecideSignUp=, LastName=, ConfirmPassword=, Email=})</span>
                <span class="method-start">15217 ms</span>
              </div> <!-- test-method -->
              <div class="test-method">
                <img src="failed.png">
                </img>
                <span class="method-name">createNewCustomer({FirstName=, Password=, DecideSignUp=, LastName=, ConfirmPassword=, Email=})</span>
                <span class="method-start">15279 ms</span>
              </div> <!-- test-method -->
              <div class="test-method">
                <img src="failed.png">
                </img>
                <span class="method-name">createNewCustomer({FirstName=, Password=, DecideSignUp=, LastName=, ConfirmPassword=, Email=})</span>
                <span class="method-start">15365 ms</span>
              </div> <!-- test-method -->
              <div class="test-method">
                <img src="failed.png">
                </img>
                <span class="method-name">createNewCustomer({FirstName=, Password=, DecideSignUp=, LastName=, ConfirmPassword=, Email=})</span>
                <span class="method-start">15496 ms</span>
              </div> <!-- test-method -->
              <div class="test-method">
                <img src="failed.png">
                </img>
                <span class="method-name">createNewCustomer({FirstName=, Password=, DecideSignUp=, LastName=, ConfirmPassword=, Email=})</span>
                <span class="method-start">15580 ms</span>
              </div> <!-- test-method -->
              <div class="test-method">
                <img src="failed.png">
                </img>
                <span class="method-name">createNewCustomer({FirstName=, Password=, DecideSignUp=, LastName=, ConfirmPassword=, Email=})</span>
                <span class="method-start">15757 ms</span>
              </div> <!-- test-method -->
              <div class="test-method">
                <img src="failed.png">
                </img>
                <span class="method-name">createNewCustomer({FirstName=, Password=, DecideSignUp=, LastName=, ConfirmPassword=, Email=})</span>
                <span class="method-start">15827 ms</span>
              </div> <!-- test-method -->
              <div class="test-method">
                <img src="failed.png">
                </img>
                <span class="method-name">createNewCustomer({FirstName=, Password=, DecideSignUp=, LastName=, ConfirmPassword=, Email=})</span>
                <span class="method-start">15976 ms</span>
              </div> <!-- test-method -->
              <div class="test-method">
                <img src="failed.png">
                </img>
                <span class="method-name">createNewCustomer({FirstName=, Password=, DecideSignUp=, LastName=, ConfirmPassword=, Email=})</span>
                <span class="method-start">16056 ms</span>
              </div> <!-- test-method -->
              <div class="test-method">
                <img src="failed.png">
                </img>
                <span class="method-name">createNewCustomer({FirstName=, Password=, DecideSignUp=, LastName=, ConfirmPassword=, Email=})</span>
                <span class="method-start">16123 ms</span>
              </div> <!-- test-method -->
              <div class="test-method">
                <img src="failed.png">
                </img>
                <span class="method-name">createNewCustomer({FirstName=, Password=, DecideSignUp=, LastName=, ConfirmPassword=, Email=})</span>
                <span class="method-start">16306 ms</span>
              </div> <!-- test-method -->
              <div class="test-method">
                <img src="failed.png">
                </img>
                <span class="method-name">createNewCustomer({FirstName=, Password=, DecideSignUp=, LastName=, ConfirmPassword=, Email=})</span>
                <span class="method-start">16462 ms</span>
              </div> <!-- test-method -->
              <div class="test-method">
                <img src="failed.png">
                </img>
                <span class="method-name">createNewCustomer({FirstName=, Password=, DecideSignUp=, LastName=, ConfirmPassword=, Email=})</span>
                <span class="method-start">16545 ms</span>
              </div> <!-- test-method -->
              <div class="test-method">
                <img src="failed.png">
                </img>
                <span class="method-name">createNewCustomer({FirstName=, Password=, DecideSignUp=, LastName=, ConfirmPassword=, Email=})</span>
                <span class="method-start">16603 ms</span>
              </div> <!-- test-method -->
              <div class="test-method">
                <img src="failed.png">
                </img>
                <span class="method-name">createNewCustomer({FirstName=, Password=, DecideSignUp=, LastName=, ConfirmPassword=, Email=})</span>
                <span class="method-start">16665 ms</span>
              </div> <!-- test-method -->
              <div class="test-method">
                <img src="failed.png">
                </img>
                <span class="method-name">createNewCustomer({FirstName=, Password=, DecideSignUp=, LastName=, ConfirmPassword=, Email=})</span>
                <span class="method-start">16727 ms</span>
              </div> <!-- test-method -->
              <div class="test-method">
                <img src="failed.png">
                </img>
                <span class="method-name">createNewCustomer({FirstName=, Password=, DecideSignUp=, LastName=, ConfirmPassword=, Email=})</span>
                <span class="method-start">16791 ms</span>
              </div> <!-- test-method -->
              <div class="test-method">
                <img src="failed.png">
                </img>
                <span class="method-name">createNewCustomer({FirstName=, Password=, DecideSignUp=, LastName=, ConfirmPassword=, Email=})</span>
                <span class="method-start">16858 ms</span>
              </div> <!-- test-method -->
            </div> <!-- chronological-class -->
            <div class="chronological-class">
              <div class="chronological-class-name">com.progrocers.Base.TestBase</div> <!-- chronological-class-name -->
              <div class="configuration-suite after">
                <span class="method-name">finish</span>
                <span class="method-start">17108 ms</span>
              </div> <!-- configuration-suite after -->
          </div> <!-- main-panel-content rounded-window-bottom -->
        </div> <!-- panel -->
      </div> <!-- main-panel-root -->
    </div> <!-- wrapper -->
  </body>
</html>
